"E:/UnrealProjects/TheLightOnTheRock/Content/DefaultContent/FirstPerson/Character/Mesh/SK_Mannequin_Arms_Skeleton.uasset" 0
"E:/UnrealProjects/TheLightOnTheRock/Content/Animations/GrabAnim_root_root_Unreal_Take_Base_Layer.uasset" 1
"E:/UnrealProjects/TheLightOnTheRock/Content/DAvid3DAssets/SkeletalMeshes/SK_Mannequin_Skeleton.uasset" 2
"E:/UnrealProjects/TheLightOnTheRock/Content/Animations/Creature/ThirdPersonIdle_PreviewMesh.uasset" 3
"E:/UnrealProjects/TheLightOnTheRock/Content/Audio/Env/lotr_amb_door_lighthouse_open_01.uasset" 4
"E:/UnrealProjects/TheLightOnTheRock/Content/Audio/Env/lotr_amb_rain_ext_lp_01.uasset" 5
"E:/UnrealProjects/TheLightOnTheRock/Content/Audio/Env/lotr_amb_rain_ext_lp_02.uasset" 6
"E:/UnrealProjects/TheLightOnTheRock/Content/Audio/Env/lotr_amb_rain_ext_lp_03.uasset" 7
"E:/UnrealProjects/TheLightOnTheRock/Content/Audio/Env/lotr_amb_rain_ext_lp_04.uasset" 8
"E:/UnrealProjects/TheLightOnTheRock/Content/Audio/Env/lotr_amb_rain_int_lp_01.uasset" 9
"E:/UnrealProjects/TheLightOnTheRock/Content/Audio/Env/lotr_amb_roomTone_main_lp_01.uasset" 10
"E:/UnrealProjects/TheLightOnTheRock/Content/Audio/Env/lotr_amb_roomTone_main_lp_02.uasset" 11
"E:/UnrealProjects/TheLightOnTheRock/Content/Audio/Env/lotr_amb_roomTone_main_lp_03.uasset" 12
"E:/UnrealProjects/TheLightOnTheRock/Content/Audio/Env/lotr_amb_roomTone_main_lp_04.uasset" 13
"E:/UnrealProjects/TheLightOnTheRock/Content/Audio/Env/lotr_amb_thunderStrike_01.uasset" 14
"E:/UnrealProjects/TheLightOnTheRock/Content/Audio/Env/lotr_amb_thunderStrike_02.uasset" 15
"E:/UnrealProjects/TheLightOnTheRock/Content/Audio/Env/lotr_amb_thunderStrike_03.uasset" 16
"E:/UnrealProjects/TheLightOnTheRock/Content/Audio/Env/lotr_amb_thunderStrike_04.uasset" 17
"E:/UnrealProjects/TheLightOnTheRock/Content/Audio/Env/lotr_amb_wavesOcean_strong_lp_01.uasset" 18
"E:/UnrealProjects/TheLightOnTheRock/Content/Audio/Env/lotr_amb_wavesOcean_strong_lp_02.uasset" 19
"E:/UnrealProjects/TheLightOnTheRock/Content/Audio/Env/lotr_amb_wavesOcean_strong_lp_03.uasset" 20
"E:/UnrealProjects/TheLightOnTheRock/Content/Audio/Env/lotr_amb_wavesOcean_strong_lp_04.uasset" 21
"E:/UnrealProjects/TheLightOnTheRock/Content/Audio/Env/lotr_amb_wind_whistle_int_lp_01.uasset" 22
"E:/UnrealProjects/TheLightOnTheRock/Content/Audio/Env/lotr_amb_wind_whistle_int_lp_02.uasset" 23
"E:/UnrealProjects/TheLightOnTheRock/Content/Audio/Env/lotr_amb_wind_whistle_int_lp_03.uasset" 24
"E:/UnrealProjects/TheLightOnTheRock/Content/Audio/Env/lotr_amb_wind_whistle_int_lp_04.uasset" 25
"E:/UnrealProjects/TheLightOnTheRock/Content/Audio/Env/lotr_env_closet_open_01.uasset" 26
"E:/UnrealProjects/TheLightOnTheRock/Content/Audio/Env/lotr_env_electric_hum_lp_01.uasset" 27
"E:/UnrealProjects/TheLightOnTheRock/Content/Audio/Env/lotr_env_electric_hum_lp_02.uasset" 28
"E:/UnrealProjects/TheLightOnTheRock/Content/Audio/Env/lotr_env_electric_hum_lp_03.uasset" 29
"E:/UnrealProjects/TheLightOnTheRock/Content/Audio/Env/lotr_env_fire_lp_01.uasset" 30
"E:/UnrealProjects/TheLightOnTheRock/Content/Audio/Env/lotr_env_fire_lp_02.uasset" 31
"E:/UnrealProjects/TheLightOnTheRock/Content/Audio/Env/lotr_env_generator_shutdown_01.uasset" 32
"E:/UnrealProjects/TheLightOnTheRock/Content/Audio/Env/lotr_env_lightMotor_lp_01.uasset" 33
"E:/UnrealProjects/TheLightOnTheRock/Content/Audio/Env/lotr_env_radio_redLight_01.uasset" 34
"E:/UnrealProjects/TheLightOnTheRock/Content/Audio/Env/lotr_env_radio_staticNoise_01.uasset" 35
"E:/UnrealProjects/TheLightOnTheRock/Content/Audio/Env/lotr_env_woodBurner_close_01.uasset" 36
"E:/UnrealProjects/TheLightOnTheRock/Content/Audio/Env/lotr_env_woodBurner_open_01.uasset" 37
"E:/UnrealProjects/TheLightOnTheRock/Content/Audio/Fol/lotr_fol_grab_lantern_01.uasset" 38
"E:/UnrealProjects/TheLightOnTheRock/Content/Audio/Fol/lotr_fol_grab_lantern_02.uasset" 39
"E:/UnrealProjects/TheLightOnTheRock/Content/Audio/Fol/lotr_fol_grab_lantern_03.uasset" 40
"E:/UnrealProjects/TheLightOnTheRock/Content/Audio/Fol/lotr_fol_grab_lantern_04.uasset" 41
"E:/UnrealProjects/TheLightOnTheRock/Content/Audio/Fol/lotr_fol_grab_woodLog_01.uasset" 42
"E:/UnrealProjects/TheLightOnTheRock/Content/Audio/Fol/lotr_fol_grab_woodLog_02.uasset" 43
"E:/UnrealProjects/TheLightOnTheRock/Content/Audio/Fol/lotr_fol_grab_woodLog_03.uasset" 44
"E:/UnrealProjects/TheLightOnTheRock/Content/Audio/Fol/lotr_fol_grab_woodLog_04.uasset" 45
"E:/UnrealProjects/TheLightOnTheRock/Content/Audio/Fol/lotr_fol_lantern_on_01.uasset" 46
"E:/UnrealProjects/TheLightOnTheRock/Content/Audio/Fol/lotr_fol_lantern_on_02.uasset" 47
"E:/UnrealProjects/TheLightOnTheRock/Content/Audio/Fol/lotr_fol_lantern_on_03.uasset" 48
"E:/UnrealProjects/TheLightOnTheRock/Content/Audio/Fol/lotr_fol_put_woodLog_01.uasset" 49
"E:/UnrealProjects/TheLightOnTheRock/Content/Audio/Fol/lotr_fol_put_woodLog_02.uasset" 50
"E:/UnrealProjects/TheLightOnTheRock/Content/Audio/Fol/lotr_fol_put_woodLog_03.uasset" 51
"E:/UnrealProjects/TheLightOnTheRock/Content/Audio/Fol/lotr_fol_put_woodLog_04.uasset" 52
"E:/UnrealProjects/TheLightOnTheRock/Content/Audio/Mus/lotr_mus_intro_long_01.uasset" 53
"E:/UnrealProjects/TheLightOnTheRock/Content/Audio/Mus/lotr_mus_intro_short_01.uasset" 54
"E:/UnrealProjects/TheLightOnTheRock/Content/Audio/Ui/lotr_ui_day1_01.uasset" 55
"E:/UnrealProjects/TheLightOnTheRock/Content/Blueprints/Interfaces/BPI_Combustive.uasset" 56
"E:/UnrealProjects/TheLightOnTheRock/Content/StarterContent/Textures/T_Fire_SubUV.uasset" 57
"E:/UnrealProjects/TheLightOnTheRock/Content/StarterContent/Textures/T_Fire_Tiled_D.uasset" 58
"E:/UnrealProjects/TheLightOnTheRock/Content/StarterContent/Particles/Materials/M_Fire_SubUV.uasset" 59
"E:/UnrealProjects/TheLightOnTheRock/Content/StarterContent/Textures/T_Water_N.uasset" 60
"E:/UnrealProjects/TheLightOnTheRock/Content/StarterContent/Particles/Materials/M_Heat_Distortion.uasset" 61
"../../../Engine/Content/Functions/Engine_MaterialFunctions01/Gradient/RadialGradient.uasset" 62
"E:/UnrealProjects/TheLightOnTheRock/Content/StarterContent/Particles/Materials/M_Radial_Gradient.uasset" 63
"E:/UnrealProjects/TheLightOnTheRock/Content/StarterContent/Textures/T_Smoke_SubUV.uasset" 64
"E:/UnrealProjects/TheLightOnTheRock/Content/StarterContent/Textures/T_Smoke_Tiled_D.uasset" 65
"E:/UnrealProjects/TheLightOnTheRock/Content/StarterContent/Particles/Materials/M_smoke_subUV.uasset" 66
"E:/UnrealProjects/TheLightOnTheRock/Content/StarterContent/Particles/P_Fire.uasset" 67
"E:/UnrealProjects/TheLightOnTheRock/Content/StarterContent/Particles/P_Steam_Lit.uasset" 68
"E:/UnrealProjects/TheLightOnTheRock/Content/ParticleSystems/BP_Flame.uasset" 69
"E:/UnrealProjects/TheLightOnTheRock/Content/Blueprints/Bluperints/BP_Combustive.uasset" 70
"E:/UnrealProjects/TheLightOnTheRock/Content/Blueprints/Bluperints/BP_ExternalLight.uasset" 71
"E:/UnrealProjects/TheLightOnTheRock/Content/Blueprints/Enums/BPE_Dialog.uasset" 72
"E:/UnrealProjects/TheLightOnTheRock/Content/Blueprints/Interfaces/BPI_RepairPoint.uasset" 73
"../../../Engine/Content/EditorBlueprintResources/StandardMacros.uasset" 74
"E:/UnrealProjects/TheLightOnTheRock/Content/Blueprints/Macros/DelayedLoops.uasset" 75
"E:/UnrealProjects/TheLightOnTheRock/Content/Blueprints/Enums/BPE_DrawerInventory.uasset" 76
"E:/UnrealProjects/TheLightOnTheRock/Content/Blueprints/Structs/Struct_StorageObjects.uasset" 77
"E:/UnrealProjects/TheLightOnTheRock/Content/David2DAssets/HUD/QTE_E_Grey.uasset" 78
"../../../Engine/Content/Functions/Engine_MaterialFunctions01/Opacity/CameraDepthFade.uasset" 79
"../../../Engine/Content/EngineMaterials/T_Default_Material_Grid_M.uasset" 80
"../../../Engine/Content/EngineMaterials/T_Default_Material_Grid_N.uasset" 81
"../../../Engine/Content/EngineMaterials/WorldGridMaterial.uasset" 82
"E:/UnrealProjects/TheLightOnTheRock/Content/DAvid3DAssets/BrokenWindowFrame.uasset" 83
"E:/UnrealProjects/TheLightOnTheRock/Content/DAvid3DAssets/BrokenWindowGlass.uasset" 84
"E:/UnrealProjects/TheLightOnTheRock/Content/DAvid3DAssets/CurvedStairsCol.uasset" 85
"E:/UnrealProjects/TheLightOnTheRock/Content/DAvid3DAssets/Lighthouse.uasset" 86
"E:/UnrealProjects/TheLightOnTheRock/Content/DAvid3DAssets/LighthouseBedRoomFloor_LighthouseBedRoomFloor.uasset" 87
"E:/UnrealProjects/TheLightOnTheRock/Content/DAvid3DAssets/LighthouseFloor_LighthouseFloor.uasset" 88
"E:/UnrealProjects/TheLightOnTheRock/Content/DAvid3DAssets/LighthouseHandRail.uasset" 89
"E:/UnrealProjects/TheLightOnTheRock/Content/DAvid3DAssets/LighthouseStocksFloor.uasset" 90
"E:/UnrealProjects/TheLightOnTheRock/Content/DAvid3DAssets/LighthouseWalls.uasset" 91
"E:/UnrealProjects/TheLightOnTheRock/Content/DAvid3DAssets/LighthouseWalls2.uasset" 92
"E:/UnrealProjects/TheLightOnTheRock/Content/DAvid3DAssets/LighthouseWallsfbx_LighthouseWalls.uasset" 93
"E:/UnrealProjects/TheLightOnTheRock/Content/DAvid3DAssets/LighthouseWallwalk.uasset" 94
"E:/UnrealProjects/TheLightOnTheRock/Content/DAvid3DAssets/StairCaseCollision.uasset" 95
"E:/UnrealProjects/TheLightOnTheRock/Content/DAvid3DAssets/StockStairsCol.uasset" 96
"E:/UnrealProjects/TheLightOnTheRock/Content/DAvid3DAssets/SkeletalMeshes/SK_Mannequin_PhysicsAsset.uasset" 97
"E:/UnrealProjects/TheLightOnTheRock/Content/DAvid3DAssets/SkeletalMeshes/UE4_Mannequin_Skeleton.uasset" 98
"E:/UnrealProjects/TheLightOnTheRock/Content/DefaultContent/FirstPerson/Animations/FirstPerson_Grab.uasset" 99
"E:/UnrealProjects/TheLightOnTheRock/Content/DefaultContent/FirstPerson/Animations/FirstPerson_Idle1.uasset" 100
"E:/UnrealProjects/TheLightOnTheRock/Content/DefaultContent/FirstPerson/Character/Textures/UE4_LOGO_CARD.uasset" 101
"E:/UnrealProjects/TheLightOnTheRock/Content/DefaultContent/FirstPerson/FPWeapon/Materials/MaterialLayers/ML_Plastic_Shiny_Beige_LOGO.uasset" 102
"E:/UnrealProjects/TheLightOnTheRock/Content/DefaultContent/FirstPerson/FPWeapon/Materials/MaterialLayers/T_ML_FineRubber.uasset" 103
"E:/UnrealProjects/TheLightOnTheRock/Content/DefaultContent/FirstPerson/FPWeapon/Mesh/SK_FPGun_PhysicsAsset.uasset" 104
"E:/UnrealProjects/TheLightOnTheRock/Content/DefaultContent/FirstPerson/Meshes/BaseMaterial.uasset" 105
"E:/UnrealProjects/TheLightOnTheRock/Content/DefaultContent/FirstPerson/Meshes/CubeMaterialOverride.uasset" 106
"E:/UnrealProjects/TheLightOnTheRock/Content/DefaultContent/FirstPersonBP/TestObject.uasset" 107
"E:/UnrealProjects/TheLightOnTheRock/Content/DefaultContent/FirstPerson/Animations/FirstPerson_Idle.uasset" 108
"E:/UnrealProjects/TheLightOnTheRock/Content/DefaultContent/FirstPerson/Animations/FirstPerson_JumpEnd.uasset" 109
"E:/UnrealProjects/TheLightOnTheRock/Content/DefaultContent/FirstPerson/Animations/FirstPerson_JumpLoop.uasset" 110
"E:/UnrealProjects/TheLightOnTheRock/Content/DefaultContent/FirstPerson/Animations/FirstPerson_JumpStart.uasset" 111
"E:/UnrealProjects/TheLightOnTheRock/Content/DefaultContent/FirstPerson/Animations/FirstPerson_Run.uasset" 112
"E:/UnrealProjects/TheLightOnTheRock/Content/DefaultContent/FirstPerson/Animations/FirstPerson_AnimBP.uasset" 113
"E:/UnrealProjects/TheLightOnTheRock/Content/DefaultContent/FirstPerson/Animations/FirstPerson_Fire.uasset" 114
"E:/UnrealProjects/TheLightOnTheRock/Content/DefaultContent/FirstPerson/Animations/FirstPersonFire_Montage.uasset" 115
"E:/UnrealProjects/TheLightOnTheRock/Content/DefaultContent/FirstPerson/Meshes/FirstPersonProjectileMaterial.uasset" 116
"E:/UnrealProjects/TheLightOnTheRock/Content/DefaultContent/FirstPerson/Meshes/FirstPersonProjectileMesh.uasset" 117
"E:/UnrealProjects/TheLightOnTheRock/Content/DefaultContent/FirstPersonBP/Blueprints/FirstPersonProjectile.uasset" 118
"E:/UnrealProjects/TheLightOnTheRock/Content/DefaultContent/FirstPerson/Audio/FirstPersonTemplateWeaponFire02.uasset" 119
"../../../Engine/Content/Functions/Engine_MaterialFunctions02/Utility/BlendAngleCorrectedNormals.uasset" 120
"../../../Engine/Content/Functions/MaterialLayerFunctions/MatLayerBlend_NormalBlend.uasset" 121
"../../../Engine/Content/Functions/MaterialLayerFunctions/MatLayerBlend_Simple.uasset" 122
"E:/UnrealProjects/TheLightOnTheRock/Content/DefaultContent/FirstPerson/Character/Materials/MaterialLayers/T_ML_Rubber_Blue_01_D.uasset" 123
"E:/UnrealProjects/TheLightOnTheRock/Content/DefaultContent/FirstPerson/Character/Materials/MaterialLayers/T_ML_Rubber_Blue_01_N.uasset" 124
"E:/UnrealProjects/TheLightOnTheRock/Content/DefaultContent/FirstPerson/Character/Materials/MaterialLayers/ML_GlossyBlack_Latex_UE4.uasset" 125
"E:/UnrealProjects/TheLightOnTheRock/Content/DefaultContent/FirstPerson/Character/Materials/MaterialLayers/ML_Plastic_Shiny_Beige.uasset" 126
"E:/UnrealProjects/TheLightOnTheRock/Content/DefaultContent/FirstPerson/Character/Materials/MaterialLayers/ML_Plastic_Shiny_Beige_LOGO.uasset" 127
"E:/UnrealProjects/TheLightOnTheRock/Content/DefaultContent/FirstPerson/Character/Materials/MaterialLayers/T_ML_Aluminum01.uasset" 128
"E:/UnrealProjects/TheLightOnTheRock/Content/DefaultContent/FirstPerson/Character/Materials/MaterialLayers/T_ML_Aluminum01_N.uasset" 129
"E:/UnrealProjects/TheLightOnTheRock/Content/DefaultContent/FirstPerson/Character/Materials/MaterialLayers/ML_SoftMetal_UE4.uasset" 130
"E:/UnrealProjects/TheLightOnTheRock/Content/DefaultContent/FirstPerson/Character/Textures/UE4_Mannequin__normals.uasset" 131
"E:/UnrealProjects/TheLightOnTheRock/Content/DefaultContent/FirstPerson/Character/Textures/UE4_Mannequin_MAT_MASKA.uasset" 132
"E:/UnrealProjects/TheLightOnTheRock/Content/DefaultContent/FirstPerson/Character/Materials/M_UE4Man_Body.uasset" 133
"E:/UnrealProjects/TheLightOnTheRock/Content/DefaultContent/FirstPerson/Character/Mesh/SK_Mannequin_Arms_PhysicsAsset.uasset" 134
"E:/UnrealProjects/TheLightOnTheRock/Content/DefaultContent/FirstPerson/Character/Mesh/SK_Mannequin_Arms.uasset" 135
"E:/UnrealProjects/TheLightOnTheRock/Content/DefaultContent/FirstPerson/FPWeapon/Materials/MaterialLayers/T_ML_Rubber_Blue_01_D.uasset" 136
"E:/UnrealProjects/TheLightOnTheRock/Content/DefaultContent/FirstPerson/FPWeapon/Materials/MaterialLayers/T_ML_Rubber_Blue_01_N.uasset" 137
"E:/UnrealProjects/TheLightOnTheRock/Content/DefaultContent/FirstPerson/FPWeapon/Materials/MaterialLayers/ML_GlossyBlack_Latex_UE4.uasset" 138
"E:/UnrealProjects/TheLightOnTheRock/Content/DefaultContent/FirstPerson/FPWeapon/Materials/MaterialLayers/ML_Plastic_Shiny_Beige.uasset" 139
"E:/UnrealProjects/TheLightOnTheRock/Content/DefaultContent/FirstPerson/FPWeapon/Materials/MaterialLayers/ML_Screen.uasset" 140
"E:/UnrealProjects/TheLightOnTheRock/Content/DefaultContent/FirstPerson/FPWeapon/Materials/MaterialLayers/T_ML_Aluminum01.uasset" 141
"E:/UnrealProjects/TheLightOnTheRock/Content/DefaultContent/FirstPerson/FPWeapon/Materials/MaterialLayers/T_ML_Aluminum01_N.uasset" 142
"E:/UnrealProjects/TheLightOnTheRock/Content/DefaultContent/FirstPerson/FPWeapon/Materials/MaterialLayers/ML_SoftMetal_UE4.uasset" 143
"E:/UnrealProjects/TheLightOnTheRock/Content/DefaultContent/FirstPerson/FPWeapon/Textures/T_FPGun_M.uasset" 144
"E:/UnrealProjects/TheLightOnTheRock/Content/DefaultContent/FirstPerson/FPWeapon/Textures/T_FPGun_N.uasset" 145
"E:/UnrealProjects/TheLightOnTheRock/Content/DefaultContent/FirstPerson/FPWeapon/Materials/M_FPGun.uasset" 146
"E:/UnrealProjects/TheLightOnTheRock/Content/DefaultContent/FirstPerson/FPWeapon/Mesh/SK_FPGun_Skeleton.uasset" 147
"E:/UnrealProjects/TheLightOnTheRock/Content/DefaultContent/FirstPerson/FPWeapon/Mesh/SK_FPGun.uasset" 148
"E:/UnrealProjects/TheLightOnTheRock/Content/DefaultContent/FirstPersonBP/Blueprints/FirstPersonCharacter.uasset" 149
"E:/UnrealProjects/TheLightOnTheRock/Content/DefaultContent/Geometry/Meshes/CubeMaterial.uasset" 150
"E:/UnrealProjects/TheLightOnTheRock/Content/DefaultContent/Geometry/Meshes/1M_Cube_Chamfer.uasset" 151
"E:/UnrealProjects/TheLightOnTheRock/Content/DefaultContent/Geometry/Meshes/TemplateFloor.uasset" 152
"E:/UnrealProjects/TheLightOnTheRock/Content/Fonts/TIMESS__.uasset" 153
"E:/UnrealProjects/TheLightOnTheRock/Content/Fonts/TIMESS___Font.uasset" 154
"E:/UnrealProjects/TheLightOnTheRock/Content/Fonts/Winter_Sans.uasset" 155
"E:/UnrealProjects/TheLightOnTheRock/Content/Fonts/Winter_Sans_Font.uasset" 156
"E:/UnrealProjects/TheLightOnTheRock/Content/Geometry/Greg/Material__13.uasset" 157
"E:/UnrealProjects/TheLightOnTheRock/Content/Geometry/Greg/Material__14.uasset" 158
"E:/UnrealProjects/TheLightOnTheRock/Content/ParticleSystems/fogTexture.uasset" 159
"E:/UnrealProjects/TheLightOnTheRock/Content/ParticleSystems/LocalFog.uasset" 160
"E:/UnrealProjects/TheLightOnTheRock/Content/ParticleSystems/LocalFog_Inst.uasset" 161
"E:/UnrealProjects/TheLightOnTheRock/Content/ParticleSystems/LocalFog_Particle.uasset" 162
"E:/UnrealProjects/TheLightOnTheRock/Content/StarterContent/Materials/M_Basic_Wall.uasset" 163
"E:/UnrealProjects/TheLightOnTheRock/Content/StarterContent/Architecture/Pillar_50x500.uasset" 164
"E:/UnrealProjects/TheLightOnTheRock/Content/StarterContent/Architecture/Wall_400x300.uasset" 165
"E:/UnrealProjects/TheLightOnTheRock/Content/StarterContent/Architecture/Wall_400x400.uasset" 166
"E:/UnrealProjects/TheLightOnTheRock/Content/StarterContent/Architecture/Wall_500x500.uasset" 167
"E:/UnrealProjects/TheLightOnTheRock/Content/StarterContent/Architecture/Wall_Door_400x400.uasset" 168
"E:/UnrealProjects/TheLightOnTheRock/Content/StarterContent/Architecture/Wall_Window_400x400.uasset" 169
"E:/UnrealProjects/TheLightOnTheRock/Content/StarterContent/Audio/Collapse01.uasset" 170
"E:/UnrealProjects/TheLightOnTheRock/Content/StarterContent/Audio/Collapse02.uasset" 171
"E:/UnrealProjects/TheLightOnTheRock/Content/StarterContent/Audio/Fire01.uasset" 172
"E:/UnrealProjects/TheLightOnTheRock/Content/StarterContent/Audio/Fire_Sparks01.uasset" 173
"E:/UnrealProjects/TheLightOnTheRock/Content/StarterContent/Audio/Light01.uasset" 174
"E:/UnrealProjects/TheLightOnTheRock/Content/StarterContent/Audio/Light01_Cue.uasset" 175
"E:/UnrealProjects/TheLightOnTheRock/Content/StarterContent/Audio/Light02.uasset" 176
"E:/UnrealProjects/TheLightOnTheRock/Content/StarterContent/Audio/Light02_Cue.uasset" 177
"E:/UnrealProjects/TheLightOnTheRock/Content/StarterContent/Audio/Smoke01.uasset" 178
"E:/UnrealProjects/TheLightOnTheRock/Content/StarterContent/Audio/Starter_Birds01.uasset" 179
"E:/UnrealProjects/TheLightOnTheRock/Content/StarterContent/Audio/Starter_Music01.uasset" 180
"E:/UnrealProjects/TheLightOnTheRock/Content/StarterContent/Audio/Starter_Wind05.uasset" 181
"E:/UnrealProjects/TheLightOnTheRock/Content/StarterContent/Audio/Starter_Wind06.uasset" 182
"E:/UnrealProjects/TheLightOnTheRock/Content/StarterContent/Audio/Steam01.uasset" 183
"E:/UnrealProjects/TheLightOnTheRock/Content/StarterContent/Audio/Explosion_Cue.uasset" 184
"E:/UnrealProjects/TheLightOnTheRock/Content/StarterContent/Textures/T_Burst_M.uasset" 185
"E:/UnrealProjects/TheLightOnTheRock/Content/StarterContent/Particles/Materials/M_Burst.uasset" 186
"E:/UnrealProjects/TheLightOnTheRock/Content/StarterContent/Textures/T_Explosion_SubUV.uasset" 187
"E:/UnrealProjects/TheLightOnTheRock/Content/StarterContent/Particles/Materials/M_explosion_subUV.uasset" 188
"E:/UnrealProjects/TheLightOnTheRock/Content/StarterContent/Particles/Materials/m_flare_01.uasset" 189
"E:/UnrealProjects/TheLightOnTheRock/Content/StarterContent/Particles/Materials/M_radial_ramp.uasset" 190
"E:/UnrealProjects/TheLightOnTheRock/Content/StarterContent/Particles/P_Explosion.uasset" 191
"E:/UnrealProjects/TheLightOnTheRock/Content/StarterContent/Blueprints/Blueprint_Effect_Explosion.uasset" 192
"../../../Engine/Content/EditorMeshes/ColorCalibrator/T_ColorGrid.uasset" 193
"E:/UnrealProjects/TheLightOnTheRock/Content/StarterContent/Materials/M_ColorGrid_LowSpec.uasset" 194
"E:/UnrealProjects/TheLightOnTheRock/Content/StarterContent/Textures/T_Bush_D.uasset" 195
"E:/UnrealProjects/TheLightOnTheRock/Content/StarterContent/Textures/T_Bush_N.uasset" 196
"E:/UnrealProjects/TheLightOnTheRock/Content/StarterContent/Props/Materials/M_Bush.uasset" 197
"E:/UnrealProjects/TheLightOnTheRock/Content/StarterContent/Props/SM_Bush.uasset" 198
"E:/UnrealProjects/TheLightOnTheRock/Content/StarterContent/Textures/T_Chair_M.uasset" 199
"E:/UnrealProjects/TheLightOnTheRock/Content/StarterContent/Textures/T_Chair_N.uasset" 200
"E:/UnrealProjects/TheLightOnTheRock/Content/StarterContent/Props/Materials/M_Chair.uasset" 201
"E:/UnrealProjects/TheLightOnTheRock/Content/StarterContent/Props/SM_Couch.uasset" 202
"E:/UnrealProjects/TheLightOnTheRock/Content/StarterContent/Materials/M_Glass.uasset" 203
"E:/UnrealProjects/TheLightOnTheRock/Content/StarterContent/Textures/T_Door_M.uasset" 204
"E:/UnrealProjects/TheLightOnTheRock/Content/StarterContent/Textures/T_Door_N.uasset" 205
"E:/UnrealProjects/TheLightOnTheRock/Content/StarterContent/Props/Materials/M_Door.uasset" 206
"E:/UnrealProjects/TheLightOnTheRock/Content/StarterContent/Props/SM_Door.uasset" 207
"E:/UnrealProjects/TheLightOnTheRock/Content/StarterContent/Props/Materials/M_MaterialSphere.uasset" 208
"E:/UnrealProjects/TheLightOnTheRock/Content/StarterContent/Props/Materials/M_MaterialSphere_Plain.uasset" 209
"E:/UnrealProjects/TheLightOnTheRock/Content/StarterContent/Props/SM_MatPreviewMesh_02.uasset" 210
"E:/UnrealProjects/TheLightOnTheRock/Content/StarterContent/Textures/T_Detail_Rocky_N.uasset" 211
"E:/UnrealProjects/TheLightOnTheRock/Content/StarterContent/Textures/T_Rock_Basalt_D.uasset" 212
"E:/UnrealProjects/TheLightOnTheRock/Content/StarterContent/Textures/T_RockMesh_M.uasset" 213
"E:/UnrealProjects/TheLightOnTheRock/Content/StarterContent/Textures/T_RockMesh_N.uasset" 214
"E:/UnrealProjects/TheLightOnTheRock/Content/StarterContent/Props/Materials/M_Rock.uasset" 215
"E:/UnrealProjects/TheLightOnTheRock/Content/StarterContent/Props/SM_Rock.uasset" 216
"E:/UnrealProjects/TheLightOnTheRock/Content/StarterContent/Textures/T_Shelf_M.uasset" 217
"E:/UnrealProjects/TheLightOnTheRock/Content/StarterContent/Textures/T_Shelf_N.uasset" 218
"E:/UnrealProjects/TheLightOnTheRock/Content/StarterContent/Props/Materials/M_Shelf.uasset" 219
"E:/UnrealProjects/TheLightOnTheRock/Content/StarterContent/Props/SM_Shelf.uasset" 220
"E:/UnrealProjects/TheLightOnTheRock/Content/StarterContent/Materials/M_Basic_Floor.uasset" 221
"E:/UnrealProjects/TheLightOnTheRock/Content/StarterContent/Props/SM_Stairs.uasset" 222
"E:/UnrealProjects/TheLightOnTheRock/Content/StarterContent/Shapes/Shape_Cone.uasset" 223
"E:/UnrealProjects/TheLightOnTheRock/Content/StarterContent/Shapes/Shape_NarrowCapsule.uasset" 224
"E:/UnrealProjects/TheLightOnTheRock/Content/StarterContent/Shapes/Shape_Pipe.uasset" 225
"E:/UnrealProjects/TheLightOnTheRock/Content/StarterContent/Shapes/Shape_Pipe_180.uasset" 226
"E:/UnrealProjects/TheLightOnTheRock/Content/StarterContent/Shapes/Shape_Pipe_90.uasset" 227
"E:/UnrealProjects/TheLightOnTheRock/Content/StarterContent/Shapes/Shape_Plane.uasset" 228
"E:/UnrealProjects/TheLightOnTheRock/Content/StarterContent/Shapes/Shape_Torus.uasset" 229
"E:/UnrealProjects/TheLightOnTheRock/Content/StarterContent/Shapes/Shape_Trim.uasset" 230
"E:/UnrealProjects/TheLightOnTheRock/Content/StarterContent/Shapes/Shape_Trim_90_In.uasset" 231
"E:/UnrealProjects/TheLightOnTheRock/Content/StarterContent/Shapes/Shape_Trim_90_Out.uasset" 232
"E:/UnrealProjects/TheLightOnTheRock/Content/StarterContent/Shapes/Shape_TriPyramid.uasset" 233
"E:/UnrealProjects/TheLightOnTheRock/Content/StarterContent/Shapes/Shape_Tube.uasset" 234
"E:/UnrealProjects/TheLightOnTheRock/Content/StarterContent/Shapes/Shape_Wedge_A.uasset" 235
"E:/UnrealProjects/TheLightOnTheRock/Content/StarterContent/Shapes/Shape_Wedge_B.uasset" 236
"E:/UnrealProjects/TheLightOnTheRock/Content/StarterContent/Shapes/Shape_WideCapsule.uasset" 237
"../../../Engine/Content/ArtTools/RenderToTexture/Meshes/S_1_Unit_Plane.uasset" 238
"../../../Engine/Content/EditorLandscapeResources/DataLayer.uasset" 239
"../../../Engine/Content/EditorMaterials/GizmoMaterial.uasset" 240
"../../../Engine/Content/EditorMaterials/MAT_Groups_Toggle.uasset" 241
"../../../Engine/Content/EditorMaterials/MAT_Groups_Visibility.uasset" 242
"../../../Engine/Content/EditorMaterials/PreviewShadowIndicator.uasset" 243
"../../../Engine/Content/EditorMaterials/PreviewShadowIndicatorMaterial.uasset" 244
"../../../Engine/Content/EditorMaterials/MatineeGroups/MAT_ColorTrack.uasset" 245
"../../../Engine/Content/EditorMaterials/MatineeGroups/MAT_Groups_Anim.uasset" 246
"../../../Engine/Content/EditorMaterials/MatineeGroups/MAT_Groups_AudioMaster.uasset" 247
"../../../Engine/Content/EditorMaterials/MatineeGroups/MAT_Groups_Director.uasset" 248
"../../../Engine/Content/EditorMaterials/MatineeGroups/MAT_Groups_Event.uasset" 249
"../../../Engine/Content/EditorMaterials/MatineeGroups/MAT_Groups_Fade.uasset" 250
"../../../Engine/Content/EditorMaterials/MatineeGroups/MAT_Groups_Float.uasset" 251
"../../../Engine/Content/EditorMaterials/MatineeGroups/MAT_Groups_Move.uasset" 252
"../../../Engine/Content/EditorMaterials/MatineeGroups/MAT_Groups_Slomo.uasset" 253
"../../../Engine/Content/EditorMaterials/MatineeGroups/MAT_Groups_Sound.uasset" 254
"../../../Engine/Content/EditorMaterials/MatineeGroups/MAT_Groups_Vector.uasset" 255
"../../../Engine/Content/EditorMaterials/ParticleSystems/PSysThumbnail_NoImage.uasset" 256
"../../../Engine/Content/EditorMaterials/ParticleSystems/PSysThumbnail_OOD.uasset" 257
"../../../Engine/Content/EditorMaterials/Camera/CineMat.uasset" 258
"../../../Engine/Content/EditorMaterials/Camera/MI_CineMat_Rig.uasset" 259
"../../../Engine/Content/EditorMeshes/Camera/SM_CraneRig_Arm.uasset" 260
"../../../Engine/Content/EditorMeshes/Camera/SM_CraneRig_Base.uasset" 261
"../../../Engine/Content/EditorMeshes/Camera/SM_CraneRig_Body.uasset" 262
"../../../Engine/Content/EditorMeshes/Camera/SM_CraneRig_Mount.uasset" 263
"../../../Engine/Content/EditorMeshes/Camera/SM_RailRig_Mount.uasset" 264
"../../../Engine/Content/EditorMeshes/Camera/SM_RailRig_Track.uasset" 265
"../../../Engine/Content/EditorResources/BSPVertex.uasset" 266
"../../../Engine/Content/EditorResources/EmptyActor.uasset" 267
"../../../Engine/Content/EditorResources/S_Actor.uasset" 268
"../../../Engine/Content/EditorResources/S_Trigger.uasset" 269
"../../../Engine/Content/EditorResources/AudioIcons/S_AudioComponent.uasset" 270
"../../../Engine/Content/EditorResources/AudioIcons/S_AudioComponent_AutoActivate.uasset" 271
"../../../Engine/Content/EditorResources/LightIcons/S_LightError.uasset" 272
"../../../Engine/Content/EditorResources/SequenceRecorder/Countdown.uasset" 273
"../../../Engine/Content/EditorResources/SequenceRecorder/RecordingIndicator.uasset" 274
"../../../Engine/Content/EditorSounds/Notifications/CompileFailed.uasset" 275
"../../../Engine/Content/EditorSounds/Notifications/CompileFailed_Cue.uasset" 276
"../../../Engine/Content/EditorSounds/Notifications/CompileSuccess.uasset" 277
"../../../Engine/Content/EditorSounds/Notifications/CompileStart_Cue.uasset" 278
"../../../Engine/Content/EditorSounds/Notifications/CompileSuccess_Cue.uasset" 279
"../../../Engine/Content/EngineDamageTypes/DmgTypeBP_Environmental.uasset" 280
"../../../Engine/Content/EngineDebugMaterials/HeatmapGradient.uasset" 281
"../../../Engine/Content/EngineDebugMaterials/BoneWeightMaterial.uasset" 282
"../../../Engine/Content/EngineDebugMaterials/ClothMaterial.uasset" 283
"../../../Engine/Content/EngineDebugMaterials/ClothMaterial_WF.uasset" 284
"../../../Engine/Content/EngineDebugMaterials/DebugEditorMaterial.uasset" 285
"../../../Engine/Content/EngineDebugMaterials/DebugMeshMaterial.uasset" 286
"../../../Engine/Content/EngineDebugMaterials/GeomMaterial.uasset" 287
"../../../Engine/Content/EngineDebugMaterials/M_SimpleTranslucent.uasset" 288
"../../../Engine/Content/EngineFonts/Faces/RobotoBold.uasset" 289
"../../../Engine/Content/EngineFonts/Faces/RobotoBoldItalic.uasset" 290
"../../../Engine/Content/EngineFonts/Faces/RobotoItalic.uasset" 291
"../../../Engine/Content/EngineFonts/Faces/RobotoLight.uasset" 292
"../../../Engine/Content/EngineFonts/Faces/RobotoRegular.uasset" 293
"../../../Engine/Content/EngineFonts/Roboto.uasset" 294
"../../../Engine/Content/EngineFonts/Faces/RobotoTiny.uasset" 295
"../../../Engine/Content/EngineFonts/RobotoTiny.uasset" 296
"../../../Engine/Content/EngineMaterials/BaseFlattenDiffuseMap.uasset" 297
"../../../Engine/Content/EngineMaterials/BaseFlattenEmissiveMap.uasset" 298
"../../../Engine/Content/EngineMaterials/BaseFlattenGrayscaleMap.uasset" 299
"../../../Engine/Content/EngineMaterials/BaseFlattenNormalMap.uasset" 300
"../../../Engine/Content/EngineMaterials/BaseFlattenMaterial.uasset" 301
"../../../Engine/Content/EngineMaterials/DefaultBloomKernel.uasset" 302
"../../../Engine/Content/EngineMaterials/DefaultBokeh.uasset" 303
"../../../Engine/Content/EngineMaterials/DefaultDiffuse.uasset" 304
"../../../Engine/Content/EngineMaterials/DefaultDeferredDecalMaterial.uasset" 305
"../../../Engine/Content/EngineMaterials/DefaultLightFunctionMaterial.uasset" 306
"../../../Engine/Content/EngineMaterials/DefaultPhysicalMaterial.uasset" 307
"../../../Engine/Content/Functions/Engine_MaterialFunctions02/Utility/BreakOutFloat2Components.uasset" 308
"../../../Engine/Content/EngineMaterials/DefaultPostProcessMaterial.uasset" 309
"../../../Engine/Content/EngineFonts/RobotoDistanceField.uasset" 310
"../../../Engine/Content/EngineMaterials/DefaultTextMaterialOpaque.uasset" 311
"../../../Engine/Content/EngineMaterials/DefaultWhiteGrid.uasset" 312
"../../../Engine/Content/EngineMaterials/EditorBrushMaterial.uasset" 313
"../../../Engine/Content/EngineMaterials/Good64x64TilingNoiseHighFreq.uasset" 314
"../../../Engine/Content/EngineMaterials/MiniFont.uasset" 315
"../../../Engine/Content/EngineMaterials/InvalidLightmapSettings.uasset" 316
"../../../Engine/Content/EngineMaterials/M_InvalidLightmapSettings.uasset" 317
"../../../Engine/Content/Functions/Engine_MaterialFunctions02/WorldPositionOffset/CameraOffset.uasset" 318
"../../../Engine/Content/EngineMaterials/PhAT_JointLimitMaterial.uasset" 319
"../../../Engine/Content/EngineMaterials/PreintegratedSkinBRDF.uasset" 320
"../../../Engine/Content/EngineMaterials/RemoveSurfaceMaterial.uasset" 321
"../../../Engine/Content/EngineMaterials/WeightMapPlaceholderTexture.uasset" 322
"../../../Engine/Content/EngineResources/WhiteSquareTexture.uasset" 323
"../../../Engine/Content/EngineMaterials/Widget3DPassThrough.uasset" 324
"../../../Engine/Content/EngineMaterials/Widget3DPassThrough_Masked.uasset" 325
"../../../Engine/Content/EngineMaterials/Widget3DPassThrough_Opaque.uasset" 326
"../../../Engine/Content/EngineMaterials/Widget3DPassThrough_Masked_OneSided.uasset" 327
"../../../Engine/Content/EngineMaterials/Widget3DPassThrough_Opaque_OneSided.uasset" 328
"../../../Engine/Content/EngineMaterials/Widget3DPassThrough_Translucent.uasset" 329
"../../../Engine/Content/EngineMaterials/Widget3DPassThrough_Translucent_OneSided.uasset" 330
"../../../Engine/Content/EngineMaterials/DefaultMaterial.uasset" 331
"../../../Engine/Content/EngineMeshes/Cylinder.uasset" 332
"../../../Engine/Content/EngineMeshes/Sphere.uasset" 333
"../../../Engine/Content/EngineResources/Black.uasset" 334
"../../../Engine/Content/EngineResources/DefaultTexture.uasset" 335
"../../../Engine/Content/EngineResources/DefaultTextureCube.uasset" 336
"../../../Engine/Content/EngineResources/DefaultVolumeTexture2D.uasset" 337
"../../../Engine/Content/EngineResources/DefaultVolumeTexture.uasset" 338
"../../../Engine/Content/EngineResources/GradientTexture0.uasset" 339
"../../../Engine/Content/EngineSounds/Master.uasset" 340
"../../../Engine/Content/Functions/Engine_MaterialFunctions01/Shading/ConvertFromDiffSpec.uasset" 341
"../../../Engine/Content/Functions/Engine_MaterialFunctions01/Shading/PowerToRoughness.uasset" 342
"../../../Engine/Content/Maps/Templates/Thumbnails/Default.uasset" 343
"../../../Engine/Content/Maps/Templates/Thumbnails/VR-Basic.uasset" 344
"../../../Engine/Content/MobileResources/T_MobileControls_texture.uasset" 345
"../../../Engine/Content/MobileResources/T_MobileMenu2.uasset" 346
"../../../Engine/Content/MobileResources/HUD/AnalogHat.uasset" 347
"../../../Engine/Content/MobileResources/HUD/VirtualJoystick_Background.uasset" 348
"../../../Engine/Content/MobileResources/HUD/VirtualJoystick_Thumb.uasset" 349
"../../../Engine/Content/MobileResources/HUD/DefaultVirtualJoysticks.uasset" 350
"../../../Engine/Content/MobileResources/HUD/LeftVirtualJoystickOnly.uasset" 351
"../../../Engine/Content/MobileResources/HUD/MobileHUDButton1_off.uasset" 352
"../../../Engine/Content/MobileResources/HUD/MobileHUDButton1_on.uasset" 353
"../../../Engine/Content/MobileResources/HUD/MobileHUDButton2_off.uasset" 354
"../../../Engine/Content/MobileResources/HUD/MobileHUDButton2_on.uasset" 355
"../../../Engine/Content/MobileResources/HUD/MobileHUDButton3.uasset" 356
"../../../Engine/Content/MobileResources/HUD/MobileHUDButtonFire.uasset" 357
"../../../Engine/Content/MobileResources/HUD/MobileHUDDirectionPad.uasset" 358
"../../../Engine/Content/MobileResources/HUD/MobileHUDDirectionPad2.uasset" 359
"../../../Engine/Content/MobileResources/HUD/MobileHUDDirectionPad3.uasset" 360
"../../../Engine/Content/MobileResources/HUD/MobileHUDDirectionStick.uasset" 361
"../../../Engine/Content/MobileResources/HUD/T_Castle_ThumbstickInner.uasset" 362
"../../../Engine/Content/MobileResources/HUD/T_Castle_ThumbstickOutter.uasset" 363
"../../../Engine/Content/Tutorial/ContentIntroCurve.uasset" 364
"../../../Engine/Content/Tutorial/BlueprintTutorials/TutorialAssets/Blueprint_64x.uasset" 365
"../../../Engine/Content/VREditor/LaserPointer/VR_LaserPower_01.uasset" 366
"../../../Engine/Content/VREditor/TransformGizmo/TransformGizmoMaterial.uasset" 367
"../../../Engine/Content/VREditor/TransformGizmo/TranslucentTransformGizmoMaterial.uasset" 368
"../../../Engine/Content/VREditor/TransformGizmo/BoundingBoxCorner.uasset" 369
"../../../Engine/Content/VREditor/TransformGizmo/BoundingBoxEdge.uasset" 370
"../../../Engine/Content/VREditor/TransformGizmo/PlaneTranslationHandle.uasset" 371
"../../../Engine/Content/VREditor/TransformGizmo/Main.uasset" 372
"../../../Engine/Content/VREditor/TransformGizmo/Xray.uasset" 373
"../../../Engine/Content/VREditor/TransformGizmo/SM_Sequencer_Key.uasset" 374
"../../../Engine/Content/VREditor/TransformGizmo/SM_Sequencer_Node.uasset" 375
"../../Plugins/2D/Paper2D/Content/PlaceholderTextures/DummySpriteTexture.uasset" 376
"../../Plugins/2D/Paper2D/Content/DummySprite.uasset" 377
"../../Plugins/2D/Paper2D/Content/DefaultPaperTerrainMaterial.uasset" 378
"../../Plugins/2D/Paper2D/Content/DefaultSpriteMaterial.uasset" 379
"../../Plugins/2D/Paper2D/Content/MaskedUnlitSpriteMaterial.uasset" 380
"../../Plugins/2D/Paper2D/Content/OpaqueUnlitSpriteMaterial.uasset" 381
"../../Plugins/Runtime/Oculus/OculusVR/Content/Materials/PokeAHoleMaterial.uasset" 382
"../../Plugins/Runtime/Oculus/OculusVR/Content/Textures/GearVRController_AO.uasset" 383
"../../Plugins/Runtime/Oculus/OculusVR/Content/Textures/GearVRController_Color.uasset" 384
"../../Plugins/Runtime/Oculus/OculusVR/Content/Textures/GearVRController_Normal.uasset" 385
"../../Plugins/Runtime/Oculus/OculusVR/Content/Materials/GearVRControllerMaterial.uasset" 386
"../../Plugins/Runtime/Oculus/OculusVR/Content/Meshes/GearVrController.uasset" 387
"../../Plugins/Runtime/Oculus/OculusVR/Content/Textures/touchController_albedo.uasset" 388
"../../Plugins/Runtime/Oculus/OculusVR/Content/Textures/touchController_controlmap.uasset" 389
"../../Plugins/Runtime/Oculus/OculusVR/Content/Materials/touchController_mat.uasset" 390
"../../Plugins/Runtime/Oculus/OculusVR/Content/Meshes/LeftTouchController.uasset" 391
"../../Plugins/Runtime/Oculus/OculusVR/Content/Meshes/RiftHMD.uasset" 392
"../../Plugins/Runtime/Oculus/OculusVR/Content/Meshes/RightTouchController.uasset" 393
"E:/UnrealProjects/TheLightOnTheRock/Content/UltraDynamicSky/Materials/Moon_Intensity.uasset" 394
"E:/UnrealProjects/TheLightOnTheRock/Content/UltraDynamicSky/Materials/Moon_Position.uasset" 395
"E:/UnrealProjects/TheLightOnTheRock/Content/UltraDynamicSky/Materials/Night_Filter.uasset" 396
"E:/UnrealProjects/TheLightOnTheRock/Content/UltraDynamicSky/Materials/Shine_Intensity.uasset" 397
"E:/UnrealProjects/TheLightOnTheRock/Content/UltraDynamicSky/Materials/Stars_Intensity.uasset" 398
"E:/UnrealProjects/TheLightOnTheRock/Content/UltraDynamicSky/Materials/Sun_Highlight_Radius.uasset" 399
"E:/UnrealProjects/TheLightOnTheRock/Content/UltraDynamicSky/Materials/Color_Curves/01/Cloud_Dark_Color_01.uasset" 400
"E:/UnrealProjects/TheLightOnTheRock/Content/UltraDynamicSky/Materials/Color_Curves/01/Cloud_Light_Color_01.uasset" 401
"E:/UnrealProjects/TheLightOnTheRock/Content/UltraDynamicSky/Materials/Color_Curves/01/Horizon_Base_Color_01.uasset" 402
"E:/UnrealProjects/TheLightOnTheRock/Content/UltraDynamicSky/Materials/Color_Curves/01/Sun_Color_01.uasset" 403
"E:/UnrealProjects/TheLightOnTheRock/Content/UltraDynamicSky/Materials/Color_Curves/01/Zenith_Base_Color_01.uasset" 404
"E:/UnrealProjects/TheLightOnTheRock/Content/UltraDynamicSky/Materials/Color_Curves/02/Cloud_Dark_Color_2.uasset" 405
"E:/UnrealProjects/TheLightOnTheRock/Content/UltraDynamicSky/Materials/Color_Curves/02/Cloud_Light_Color_2.uasset" 406
"E:/UnrealProjects/TheLightOnTheRock/Content/UltraDynamicSky/Materials/Color_Curves/02/Horizon_Base_Color_2.uasset" 407
"E:/UnrealProjects/TheLightOnTheRock/Content/UltraDynamicSky/Materials/Color_Curves/02/Sun_Color_2.uasset" 408
"E:/UnrealProjects/TheLightOnTheRock/Content/UltraDynamicSky/Materials/Color_Curves/02/Zenith_Base_Color_2.uasset" 409
"E:/UnrealProjects/TheLightOnTheRock/Content/UltraDynamicSky/Materials/Color_Curves/03/Cloud_Dark_Color_3.uasset" 410
"E:/UnrealProjects/TheLightOnTheRock/Content/UltraDynamicSky/Materials/Color_Curves/03/Cloud_Light_Color_3.uasset" 411
"E:/UnrealProjects/TheLightOnTheRock/Content/UltraDynamicSky/Materials/Color_Curves/03/Horizon_Base_Color_3.uasset" 412
"E:/UnrealProjects/TheLightOnTheRock/Content/UltraDynamicSky/Materials/Color_Curves/03/Sun_Color_3.uasset" 413
"E:/UnrealProjects/TheLightOnTheRock/Content/UltraDynamicSky/Materials/Color_Curves/03/Zenith_Base_Color_3.uasset" 414
"E:/UnrealProjects/TheLightOnTheRock/Content/UltraDynamicSky/Materials/Color_Curves/04/Cloud_Dark_Color_4.uasset" 415
"E:/UnrealProjects/TheLightOnTheRock/Content/UltraDynamicSky/Materials/Color_Curves/04/Cloud_Light_Color_4.uasset" 416
"E:/UnrealProjects/TheLightOnTheRock/Content/UltraDynamicSky/Materials/Color_Curves/04/Horizon_Base_Color_4.uasset" 417
"E:/UnrealProjects/TheLightOnTheRock/Content/UltraDynamicSky/Materials/Color_Curves/04/Sun_Color_4.uasset" 418
"E:/UnrealProjects/TheLightOnTheRock/Content/UltraDynamicSky/Materials/Color_Curves/04/Zenith_Base_Color_4.uasset" 419
"E:/UnrealProjects/TheLightOnTheRock/Content/UltraDynamicSky/Materials/Sun_Cloudy_Color.uasset" 420
"../../../Engine/Content/Functions/Engine_MaterialFunctions01/Density/ExponentialDensity.uasset" 421
"../../../Engine/Content/Functions/Engine_MaterialFunctions01/Gradient/RadialGradientExponential.uasset" 422
"../../../Engine/Content/Functions/Engine_MaterialFunctions02/Math/TimeWithSpeedVariable.uasset" 423
"../../../Engine/Content/Functions/Engine_MaterialFunctions02/Texturing/CustomRotator.uasset" 424
"E:/UnrealProjects/TheLightOnTheRock/Content/UltraDynamicSky/Materials/Filter_Clouds.uasset" 425
"E:/UnrealProjects/TheLightOnTheRock/Content/UltraDynamicSky/Textures/clouds_classic.uasset" 426
"E:/UnrealProjects/TheLightOnTheRock/Content/UltraDynamicSky/Materials/Cloud_Shadows.uasset" 427
"../../../Engine/Content/Functions/Engine_MaterialFunctions03/Texturing/SubUV_Function.uasset" 428
"E:/UnrealProjects/TheLightOnTheRock/Content/UltraDynamicSky/Textures/wisps+stars+moonsprites.uasset" 429
"E:/UnrealProjects/TheLightOnTheRock/Content/UltraDynamicSky/Materials/moon_material.uasset" 430
"../../../Engine/Content/Functions/Engine_MaterialFunctions01/Texturing/ScaleUVsByCenter.uasset" 431
"../../../Engine/Content/Functions/Engine_MaterialFunctions01/Vectors/RotateVector.uasset" 432
"../../../Engine/Content/EngineMaterials/BlendFunc_DefBase.uasset" 433
"../../../Engine/Content/EngineMaterials/BlendFunc_DefBlend.uasset" 434
"../../../Engine/Content/Functions/Engine_MaterialFunctions03/Blends/Blend_Difference.uasset" 435
"E:/UnrealProjects/TheLightOnTheRock/Content/UltraDynamicSky/Textures/aurora_gradient.uasset" 436
"E:/UnrealProjects/TheLightOnTheRock/Content/UltraDynamicSky/Textures/blur_clouds.uasset" 437
"E:/UnrealProjects/TheLightOnTheRock/Content/UltraDynamicSky/Textures/radio.uasset" 438
"E:/UnrealProjects/TheLightOnTheRock/Content/UltraDynamicSky/Materials/Aurora.uasset" 439
"E:/UnrealProjects/TheLightOnTheRock/Content/UltraDynamicSky/Materials/Cloud_Layer.uasset" 440
"E:/UnrealProjects/TheLightOnTheRock/Content/UltraDynamicSky/Materials/Moon.uasset" 441
"E:/UnrealProjects/TheLightOnTheRock/Content/UltraDynamicSky/Materials/Scale_Radial_Gradient_Around_White.uasset" 442
"E:/UnrealProjects/TheLightOnTheRock/Content/UltraDynamicSky/Materials/Ultra_Dynamic_Sky_Mat.uasset" 443
"E:/UnrealProjects/TheLightOnTheRock/Content/UltraDynamicSky/Materials/Ultra_Dynamic_Sky_Mat_no_auroras.uasset" 444
"E:/UnrealProjects/TheLightOnTheRock/Content/UltraDynamicSky/Materials/Ultra_Dynamic_Sky_Mat_no_auroras_onecloudlayer.uasset" 445
"E:/UnrealProjects/TheLightOnTheRock/Content/UltraDynamicSky/Materials/Ultra_Dynamic_Sky_Mat_onecloudlayer.uasset" 446
"E:/UnrealProjects/TheLightOnTheRock/Content/UltraDynamicSky/Meshes/moon_plane.uasset" 447
"E:/UnrealProjects/TheLightOnTheRock/Content/UltraDynamicSky/Meshes/Ultra_Dynamic_Sky_Sphere.uasset" 448
"E:/UnrealProjects/TheLightOnTheRock/Content/UltraDynamicSky/Textures/clouds_voronoi.uasset" 449
"E:/UnrealProjects/TheLightOnTheRock/Content/UltraDynamicSky/Textures/flat.uasset" 450
"E:/UnrealProjects/TheLightOnTheRock/Content/UltraDynamicSky/Blueprints/Ultra_Dynamic_Sky_BP.uasset" 451
"E:/UnrealProjects/TheLightOnTheRock/Content/Animations/ActivationAnims_root_AnswerCall.uasset" 452
"E:/UnrealProjects/TheLightOnTheRock/Content/Animations/ActivationAnims_root_DeactivateLever.uasset" 453
"E:/UnrealProjects/TheLightOnTheRock/Content/Animations/ClosetAnim_root_CloseCloset.uasset" 454
"E:/UnrealProjects/TheLightOnTheRock/Content/Animations/ClosetAnim_root_OpenCloset.uasset" 455
"E:/UnrealProjects/TheLightOnTheRock/Content/Animations/FightAnim_root_Strike1.uasset" 456
"E:/UnrealProjects/TheLightOnTheRock/Content/Animations/FightAnim_root_Strike2.uasset" 457
"E:/UnrealProjects/TheLightOnTheRock/Content/Animations/GrabAnim_root_Grab.uasset" 458
"E:/UnrealProjects/TheLightOnTheRock/Content/Animations/Idle_root_Idle.uasset" 459
"E:/UnrealProjects/TheLightOnTheRock/Content/Animations/InspectObject_root_InspectObjectIdle.uasset" 460
"E:/UnrealProjects/TheLightOnTheRock/Content/Animations/InspectObject_root_InspectObjectIn.uasset" 461
"E:/UnrealProjects/TheLightOnTheRock/Content/Animations/InspectObject_root_InspectObjectOut.uasset" 462
"E:/UnrealProjects/TheLightOnTheRock/Content/Animations/LanternIdle_root_IdleLantern.uasset" 463
"E:/UnrealProjects/TheLightOnTheRock/Content/Animations/LanternIdle_root_IdleLanternIn.uasset" 464
"E:/UnrealProjects/TheLightOnTheRock/Content/Animations/LanternIdle_root_IdleLanternOut.uasset" 465
"E:/UnrealProjects/TheLightOnTheRock/Content/Animations/MovementAnims_root_BarIdle.uasset" 466
"E:/UnrealProjects/TheLightOnTheRock/Content/Animations/MovementAnims_root_GrabMedal.uasset" 467
"E:/UnrealProjects/TheLightOnTheRock/Content/Animations/MovementAnims_root_GrabMedalIdle.uasset" 468
"E:/UnrealProjects/TheLightOnTheRock/Content/Animations/MovementAnims_root_GrabRock.uasset" 469
"E:/UnrealProjects/TheLightOnTheRock/Content/Animations/MovementAnims_root_HandsOnBar.uasset" 470
"E:/UnrealProjects/TheLightOnTheRock/Content/Animations/MovementAnims_root_Throw.uasset" 471
"E:/UnrealProjects/TheLightOnTheRock/Content/DefaultContent/FirstPerson/Animations/ABP_Character.uasset" 472
"E:/UnrealProjects/TheLightOnTheRock/Content/Blueprints/Macros/MathFunct.uasset" 473
"E:/UnrealProjects/TheLightOnTheRock/Content/Blueprints/Enums/BPE_AnimationType.uasset" 474
"E:/UnrealProjects/TheLightOnTheRock/Content/Blueprints/Bluperints/BP_AnimationsContainer.uasset" 475
"E:/UnrealProjects/TheLightOnTheRock/Content/Blueprints/Enums/BPE_Answer.uasset" 476
"E:/UnrealProjects/TheLightOnTheRock/Content/Blueprints/Interfaces/BPI_Interlocutor.uasset" 477
"E:/UnrealProjects/TheLightOnTheRock/Content/Blueprints/Structs/Struct_Line.uasset" 478
"E:/UnrealProjects/TheLightOnTheRock/Content/Blueprints/Structs/Struct_Questions.uasset" 479
"E:/UnrealProjects/TheLightOnTheRock/Content/Fonts/Balham.uasset" 480
"E:/UnrealProjects/TheLightOnTheRock/Content/Fonts/Balham_Font.uasset" 481
"E:/UnrealProjects/TheLightOnTheRock/Content/David2DAssets/HUD/FocusPoint.uasset" 482
"E:/UnrealProjects/TheLightOnTheRock/Content/David2DAssets/HUD/NamePoints.uasset" 483
"E:/UnrealProjects/TheLightOnTheRock/Content/Widgets/W_MainHUD.uasset" 484
"E:/UnrealProjects/TheLightOnTheRock/Content/Widgets/W_DialogHUD.uasset" 485
"E:/UnrealProjects/TheLightOnTheRock/Content/David2DAssets/HUD/QTE_BackGround.uasset" 486
"E:/UnrealProjects/TheLightOnTheRock/Content/David2DAssets/HUD/QTE_Transparent.uasset" 487
"E:/UnrealProjects/TheLightOnTheRock/Content/Widgets/W_QTEHUD.uasset" 488
"E:/UnrealProjects/TheLightOnTheRock/Content/Blueprints/Bluperints/BP_DialogManager.uasset" 489
"E:/UnrealProjects/TheLightOnTheRock/Content/Blueprints/Interfaces/BPI_Interactible.uasset" 490
"../../../Engine/Content/BasicShapes/BasicShapeMaterial.uasset" 491
"E:/UnrealProjects/TheLightOnTheRock/Content/David2DAssets/HUD/QTE_E.uasset" 492
"E:/UnrealProjects/TheLightOnTheRock/Content/DAvid3DAssets/Antenna.uasset" 493
"E:/UnrealProjects/TheLightOnTheRock/Content/DAvid3DAssets/AntennaBase.uasset" 494
"E:/UnrealProjects/TheLightOnTheRock/Content/Blueprints/Bluperints/BP_Antenna.uasset" 495
"E:/UnrealProjects/TheLightOnTheRock/Content/DAvid3DAssets/Bandage.uasset" 496
"E:/UnrealProjects/TheLightOnTheRock/Content/Blueprints/Bluperints/BP_Bandage.uasset" 497
"E:/UnrealProjects/TheLightOnTheRock/Content/Blueprints/Interfaces/BPI_Grabbable.uasset" 498
"E:/UnrealProjects/TheLightOnTheRock/Content/DAvid3DAssets/Materials/DarkRock.uasset" 499
"E:/UnrealProjects/TheLightOnTheRock/Content/StarterContent/Textures/T_MacroVariation.uasset" 500
"E:/UnrealProjects/TheLightOnTheRock/Content/StarterContent/Textures/T_Metal_Gold_D.uasset" 501
"E:/UnrealProjects/TheLightOnTheRock/Content/StarterContent/Textures/T_Metal_Gold_N.uasset" 502
"E:/UnrealProjects/TheLightOnTheRock/Content/StarterContent/Materials/M_Metal_Gold.uasset" 503
"E:/UnrealProjects/TheLightOnTheRock/Content/Geometry/Materials/MasterMaterial_Color.uasset" 504
"E:/UnrealProjects/TheLightOnTheRock/Content/Geometry/Materials/MI_Color.uasset" 505
"E:/UnrealProjects/TheLightOnTheRock/Content/DAvid3DAssets/Book.uasset" 506
"E:/UnrealProjects/TheLightOnTheRock/Content/DAvid3DAssets/Cross.uasset" 507
"E:/UnrealProjects/TheLightOnTheRock/Content/Blueprints/Bluperints/Bp_Bible.uasset" 508
"E:/UnrealProjects/TheLightOnTheRock/Content/Blueprints/Bluperints/BP_CharacterRailWalk.uasset" 509
"E:/UnrealProjects/TheLightOnTheRock/Content/DAvid3DAssets/LighthouseSwitch.uasset" 510
"E:/UnrealProjects/TheLightOnTheRock/Content/DAvid3DAssets/LighthouseSwitchBase.uasset" 511
"E:/UnrealProjects/TheLightOnTheRock/Content/Blueprints/Bluperints/BP_FuseBoxLever.uasset" 512
"E:/UnrealProjects/TheLightOnTheRock/Content/DAvid3DAssets/DavidTestSounds/AravellonMorse.uasset" 513
"E:/UnrealProjects/TheLightOnTheRock/Content/DAvid3DAssets/DavidTestSounds/RadioStatic.uasset" 514
"E:/UnrealProjects/TheLightOnTheRock/Content/DAvid3DAssets/LighthouseRadioFuseBox.uasset" 515
"E:/UnrealProjects/TheLightOnTheRock/Content/Blueprints/Bluperints/BP_Fusebox.uasset" 516
"E:/UnrealProjects/TheLightOnTheRock/Content/DAvid3DAssets/LighthouseBigRadio.uasset" 517
"E:/UnrealProjects/TheLightOnTheRock/Content/DAvid3DAssets/LighthouseCommunicationTable.uasset" 518
"E:/UnrealProjects/TheLightOnTheRock/Content/DAvid3DAssets/LighthouseRadioHorn.uasset" 519
"E:/UnrealProjects/TheLightOnTheRock/Content/DAvid3DAssets/LighthouseSmallRadio.uasset" 520
"E:/UnrealProjects/TheLightOnTheRock/Content/Blueprints/Bluperints/BP_CommunicationConsole.uasset" 521
"E:/UnrealProjects/TheLightOnTheRock/Content/Blueprints/Bluperints/BP_Weapon.uasset" 522
"E:/UnrealProjects/TheLightOnTheRock/Content/DAvid3DAssets/Crowbar.uasset" 523
"E:/UnrealProjects/TheLightOnTheRock/Content/Blueprints/Bluperints/BP_Crowbar.uasset" 524
"E:/UnrealProjects/TheLightOnTheRock/Content/Blueprints/Interfaces/BPI_Inspectable.uasset" 525
"E:/UnrealProjects/TheLightOnTheRock/Content/DAvid3DAssets/CrackedEgg.uasset" 526
"E:/UnrealProjects/TheLightOnTheRock/Content/DAvid3DAssets/Egg.uasset" 527
"E:/UnrealProjects/TheLightOnTheRock/Content/Blueprints/Bluperints/BP_Egg.uasset" 528
"E:/UnrealProjects/TheLightOnTheRock/Content/DAvid3DAssets/Hammer.uasset" 529
"E:/UnrealProjects/TheLightOnTheRock/Content/Blueprints/Bluperints/BP_Hammer.uasset" 530
"E:/UnrealProjects/TheLightOnTheRock/Content/DAvid3DAssets/Pillow.uasset" 531
"E:/UnrealProjects/TheLightOnTheRock/Content/Blueprints/Bluperints/BP_Pillow.uasset" 532
"E:/UnrealProjects/TheLightOnTheRock/Content/DAvid3DAssets/Materials/LightRock.uasset" 533
"E:/UnrealProjects/TheLightOnTheRock/Content/DAvid3DAssets/CrateLidSplinter1.uasset" 534
"E:/UnrealProjects/TheLightOnTheRock/Content/DAvid3DAssets/CrateLidSplinter2.uasset" 535
"E:/UnrealProjects/TheLightOnTheRock/Content/DAvid3DAssets/DavidTestSounds/pieces-1.uasset" 536
"E:/UnrealProjects/TheLightOnTheRock/Content/DAvid3DAssets/DavidTestSounds/Coins_Cue.uasset" 537
"E:/UnrealProjects/TheLightOnTheRock/Content/DAvid3DAssets/SmallCrate.uasset" 538
"E:/UnrealProjects/TheLightOnTheRock/Content/DAvid3DAssets/SmallCrateLid.uasset" 539
"E:/UnrealProjects/TheLightOnTheRock/Content/StarterContent/Audio/Explosion01.uasset" 540
"E:/UnrealProjects/TheLightOnTheRock/Content/Blueprints/Bluperints/BP_Crate.uasset" 541
"E:/UnrealProjects/TheLightOnTheRock/Content/DAvid3DAssets/fishFBX.uasset" 542
"E:/UnrealProjects/TheLightOnTheRock/Content/Blueprints/Bluperints/BP_DeadFish.uasset" 543
"E:/UnrealProjects/TheLightOnTheRock/Content/Animations/DeadSailor/DeadSailorAnims_root_BackDown.uasset" 544
"E:/UnrealProjects/TheLightOnTheRock/Content/Animations/DeadSailor/DeadSailorAnims_root_DeadIdle.uasset" 545
"E:/UnrealProjects/TheLightOnTheRock/Content/Animations/DeadSailor/DeadSailorAnims_root_LayingAttack.uasset" 546
"E:/UnrealProjects/TheLightOnTheRock/Content/Animations/DeadSailor/DeadSailorAnims_root_LayingFight.uasset" 547
"E:/UnrealProjects/TheLightOnTheRock/Content/Animations/DeadSailor/DeadSailorAnims_root_LayingIdle.uasset" 548
"E:/UnrealProjects/TheLightOnTheRock/Content/Animations/DeadSailor/DeadSailorAnims_root_TakingTheHit.uasset" 549
"E:/UnrealProjects/TheLightOnTheRock/Content/Animations/DeadSailor/ABP_DeadSailor.uasset" 550
"E:/UnrealProjects/TheLightOnTheRock/Content/DAvid3DAssets/SkeletalMeshes/SK_Mannequin.uasset" 551
"E:/UnrealProjects/TheLightOnTheRock/Content/Blueprints/Bluperints/BP_DeadSailor.uasset" 552
"../../../Engine/Content/BasicShapes/Cube.uasset" 553
"E:/UnrealProjects/TheLightOnTheRock/Content/Audio/3D_SFX.uasset" 554
"E:/UnrealProjects/TheLightOnTheRock/Content/StarterContent/Audio/Collapse_Cue.uasset" 555
"E:/UnrealProjects/TheLightOnTheRock/Content/Blueprints/Bluperints/BP_DeadSeagull.uasset" 556
"E:/UnrealProjects/TheLightOnTheRock/Content/Blueprints/Enums/BPE_DoorType.uasset" 557
"E:/UnrealProjects/TheLightOnTheRock/Content/Blueprints/Bluperints/BP_Door.uasset" 558
"E:/UnrealProjects/TheLightOnTheRock/Content/DefaultContent/Geometry/Meshes/1M_Cube.uasset" 559
"E:/UnrealProjects/TheLightOnTheRock/Content/Blueprints/Bluperints/BP_Movable.uasset" 560
"E:/UnrealProjects/TheLightOnTheRock/Content/DAvid3DAssets/LighthouseDrawerChest.uasset" 561
"E:/UnrealProjects/TheLightOnTheRock/Content/Blueprints/Bluperints/BP_DrawerChest.uasset" 562
"E:/UnrealProjects/TheLightOnTheRock/Content/Blueprints/Interfaces/BPI_Activatable.uasset" 563
"E:/UnrealProjects/TheLightOnTheRock/Content/Blueprints/Bluperints/BP_Light.uasset" 564
"E:/UnrealProjects/TheLightOnTheRock/Content/Blueprints/Interfaces/BPI_WatchPoint.uasset" 565
"E:/UnrealProjects/TheLightOnTheRock/Content/Blueprints/Bluperints/BP_SpotlightAttach.uasset" 566
"../../../Engine/Content/BasicShapes/Cone.uasset" 567
"E:/UnrealProjects/TheLightOnTheRock/Content/Blueprints/Bluperints/BP_WallWalkSpotlight.uasset" 568
"E:/UnrealProjects/TheLightOnTheRock/Content/Blueprints/Bluperints/BP_LightControl.uasset" 569
"E:/UnrealProjects/TheLightOnTheRock/Content/Audio/Env/lotr_amb_elecSpark_01.uasset" 570
"E:/UnrealProjects/TheLightOnTheRock/Content/Audio/Env/lotr_amb_elecSpark_02.uasset" 571
"E:/UnrealProjects/TheLightOnTheRock/Content/Audio/Env/lotr_amb_elecSpark_03.uasset" 572
"E:/UnrealProjects/TheLightOnTheRock/Content/Audio/Env/lotr_amb_elecSpark_04.uasset" 573
"E:/UnrealProjects/TheLightOnTheRock/Content/Audio/Env/SparksCue.uasset" 574
"E:/UnrealProjects/TheLightOnTheRock/Content/StarterContent/Textures/T_Spark_Core.uasset" 575
"E:/UnrealProjects/TheLightOnTheRock/Content/StarterContent/Particles/Materials/M_Spark.uasset" 576
"E:/UnrealProjects/TheLightOnTheRock/Content/ParticleSystems/P_GeneratorSParks.uasset" 577
"E:/UnrealProjects/TheLightOnTheRock/Content/ParticleSystems/BP_Sparks.uasset" 578
"E:/UnrealProjects/TheLightOnTheRock/Content/DAvid3DAssets/LighthouseGenerator_GeneratorBody.uasset" 579
"E:/UnrealProjects/TheLightOnTheRock/Content/DAvid3DAssets/LighthouseGenerator_GeneratorTank.uasset" 580
"E:/UnrealProjects/TheLightOnTheRock/Content/DAvid3DAssets/LighthouseGenerator_WheelTrain.uasset" 581
"E:/UnrealProjects/TheLightOnTheRock/Content/Blueprints/Bluperints/BP_Generator.uasset" 582
"E:/UnrealProjects/TheLightOnTheRock/Content/Blueprints/Enums/BPE_DeathCause.uasset" 583
"E:/UnrealProjects/TheLightOnTheRock/Content/DAvid3DAssets/rat.uasset" 584
"E:/UnrealProjects/TheLightOnTheRock/Content/Blueprints/Bluperints/BP_Rat.uasset" 585
"E:/UnrealProjects/TheLightOnTheRock/Content/DAvid3DAssets/Materials/m_RatFeces.uasset" 586
"../../../Engine/Content/BasicShapes/Cylinder.uasset" 587
"E:/UnrealProjects/TheLightOnTheRock/Content/Blueprints/Bluperints/BP_RatNest.uasset" 588
"E:/UnrealProjects/TheLightOnTheRock/Content/Blueprints/Enums/BPE_FloorType.uasset" 589
"E:/UnrealProjects/TheLightOnTheRock/Content/Blueprints/Bluperints/BP_WalkableSurface.uasset" 590
"E:/UnrealProjects/TheLightOnTheRock/Content/DAvid3DAssets/LighthouseRatTrap.uasset" 591
"E:/UnrealProjects/TheLightOnTheRock/Content/Blueprints/Bluperints/BP_RatTraps.uasset" 592
"E:/UnrealProjects/TheLightOnTheRock/Content/DAvid3DAssets/LighthouseDrawer.uasset" 593
"E:/UnrealProjects/TheLightOnTheRock/Content/Blueprints/Bluperints/BP_Drawer.uasset" 594
"E:/UnrealProjects/TheLightOnTheRock/Content/DAvid3DAssets/Material.uasset" 595
"E:/UnrealProjects/TheLightOnTheRock/Content/DAvid3DAssets/Boat.uasset" 596
"E:/UnrealProjects/TheLightOnTheRock/Content/StarterContent/Audio/Explosion02.uasset" 597
"E:/UnrealProjects/TheLightOnTheRock/Content/Blueprints/Bluperints/BP_ExplodingShip.uasset" 598
"E:/UnrealProjects/TheLightOnTheRock/Content/Animations/Creature/CreatureCrouchIdle.uasset" 599
"E:/UnrealProjects/TheLightOnTheRock/Content/Animations/Creature/ThirdPersonIdle.uasset" 600
"E:/UnrealProjects/TheLightOnTheRock/Content/Animations/Creature/ABP_Creature.uasset" 601
"E:/UnrealProjects/TheLightOnTheRock/Content/DAvid3DAssets/Materials/m_CreatureEyes.uasset" 602
"../../../Engine/Content/BasicShapes/Sphere.uasset" 603
"E:/UnrealProjects/TheLightOnTheRock/Content/Animations/Creature/BP_CreatureEyes.uasset" 604
"E:/UnrealProjects/TheLightOnTheRock/Content/Blueprints/Bluperints/BP_FullGrownCreature.uasset" 605
"E:/UnrealProjects/TheLightOnTheRock/Content/DAvid3DAssets/Key.uasset" 606
"E:/UnrealProjects/TheLightOnTheRock/Content/Blueprints/Bluperints/BP_Key.uasset" 607
"E:/UnrealProjects/TheLightOnTheRock/Content/DAvid3DAssets/LighthouseLantern.uasset" 608
"E:/UnrealProjects/TheLightOnTheRock/Content/Blueprints/Bluperints/BP_Lantern.uasset" 609
"E:/UnrealProjects/TheLightOnTheRock/Content/Blueprints/Bluperints/BP_Lever.uasset" 610
"E:/UnrealProjects/TheLightOnTheRock/Content/Blueprints/Bluperints/BP_LightTrigger.uasset" 611
"E:/UnrealProjects/TheLightOnTheRock/Content/Blueprints/Bluperints/BP_RatsScatterPoints.uasset" 612
"E:/UnrealProjects/TheLightOnTheRock/Content/StarterContent/Textures/T_Metal_Rust_D.uasset" 613
"E:/UnrealProjects/TheLightOnTheRock/Content/StarterContent/Textures/T_Metal_Rust_N.uasset" 614
"E:/UnrealProjects/TheLightOnTheRock/Content/StarterContent/Materials/M_Metal_Rust.uasset" 615
"E:/UnrealProjects/TheLightOnTheRock/Content/Blueprints/Bluperints/BP_LivingRat.uasset" 616
"E:/UnrealProjects/TheLightOnTheRock/Content/DAvid3DAssets/Materials/m_QTEInterestPoints.uasset" 617
"E:/UnrealProjects/TheLightOnTheRock/Content/Blueprints/Bluperints/BP_InterestPoint.uasset" 618
"E:/UnrealProjects/TheLightOnTheRock/Content/Blueprints/Enums/BPE_TriggerType.uasset" 619
"E:/UnrealProjects/TheLightOnTheRock/Content/Blueprints/Bluperints/BP_Triger.uasset" 620
"E:/UnrealProjects/TheLightOnTheRock/Content/StarterContent/Shapes/Shape_Cylinder.uasset" 621
"E:/UnrealProjects/TheLightOnTheRock/Content/Blueprints/Bluperints/BP_Medal.uasset" 622
"E:/UnrealProjects/TheLightOnTheRock/Content/Blueprints/Enums/BPE_QTEActions.uasset" 623
"E:/UnrealProjects/TheLightOnTheRock/Content/David2DAssets/HUD/QTE_A.uasset" 624
"E:/UnrealProjects/TheLightOnTheRock/Content/David2DAssets/HUD/QTE_D.uasset" 625
"E:/UnrealProjects/TheLightOnTheRock/Content/David2DAssets/HUD/QTE_Q.uasset" 626
"E:/UnrealProjects/TheLightOnTheRock/Content/David2DAssets/HUD/QTE_S.uasset" 627
"E:/UnrealProjects/TheLightOnTheRock/Content/David2DAssets/HUD/QTE_Z.uasset" 628
"E:/UnrealProjects/TheLightOnTheRock/Content/Blueprints/Bluperints/BP_QTE.uasset" 629
"E:/UnrealProjects/TheLightOnTheRock/Content/DAvid3DAssets/Rock.uasset" 630
"E:/UnrealProjects/TheLightOnTheRock/Content/Blueprints/Bluperints/BP_Rock.uasset" 631
"E:/UnrealProjects/TheLightOnTheRock/Content/Blueprints/Bluperints/BP_QTE_DeadSailorDay3.uasset" 632
"E:/UnrealProjects/TheLightOnTheRock/Content/Blueprints/Bluperints/BP_ExtHandRail.uasset" 633
"E:/UnrealProjects/TheLightOnTheRock/Content/DAvid3DAssets/BrokenFryingPan.uasset" 634
"E:/UnrealProjects/TheLightOnTheRock/Content/DAvid3DAssets/FryingPan.uasset" 635
"E:/UnrealProjects/TheLightOnTheRock/Content/Blueprints/Bluperints/BP_FryingPan.uasset" 636
"E:/UnrealProjects/TheLightOnTheRock/Content/Blueprints/Bluperints/BP_Seagull_ScatterPoint.uasset" 637
"E:/UnrealProjects/TheLightOnTheRock/Content/Blueprints/Bluperints/BP_Seagull.uasset" 638
"E:/UnrealProjects/TheLightOnTheRock/Content/Blueprints/Bluperints/BP_QTE_SeagullsDay2.uasset" 639
"E:/UnrealProjects/TheLightOnTheRock/Content/Audio/DavidPlaceHolders/Flesh_Tearing-SoundBible_com-212343353.uasset" 640
"E:/UnrealProjects/TheLightOnTheRock/Content/Blueprints/Bluperints/BP_ScratchingNoise.uasset" 641
"E:/UnrealProjects/TheLightOnTheRock/Content/DAvid3DAssets/SingleArm_Skeleton.uasset" 642
"E:/UnrealProjects/TheLightOnTheRock/Content/DAvid3DAssets/SingleArm.uasset" 643
"E:/UnrealProjects/TheLightOnTheRock/Content/Blueprints/Bluperints/BP_SeveredArm.uasset" 644
"E:/UnrealProjects/TheLightOnTheRock/Content/DAvid3DAssets/WoodenPlank.uasset" 645
"E:/UnrealProjects/TheLightOnTheRock/Content/Blueprints/Bluperints/BP_Planks.uasset" 646
"E:/UnrealProjects/TheLightOnTheRock/Content/DAvid3DAssets/WindowDebris.uasset" 647
"E:/UnrealProjects/TheLightOnTheRock/Content/Blueprints/Bluperints/BP_WindowDebris.uasset" 648
"E:/UnrealProjects/TheLightOnTheRock/Content/Geometry/Materials/MasterMaterial_Glass.uasset" 649
"E:/UnrealProjects/TheLightOnTheRock/Content/Geometry/Materials/MI_Glass.uasset" 650
"E:/UnrealProjects/TheLightOnTheRock/Content/Geometry/Materials/MI_Metal.uasset" 651
"E:/UnrealProjects/TheLightOnTheRock/Content/Geometry/Greg/Window_Glass_01.uasset" 652
"E:/UnrealProjects/TheLightOnTheRock/Content/Geometry/Unique/Window_Broken.uasset" 653
"E:/UnrealProjects/TheLightOnTheRock/Content/Blueprints/Bluperints/BP_Window.uasset" 654
"E:/UnrealProjects/TheLightOnTheRock/Content/DAvid3DAssets/WorkbenchDrawer.uasset" 655
"E:/UnrealProjects/TheLightOnTheRock/Content/Blueprints/Bluperints/BP_WorkbenchDrawer.uasset" 656
"E:/UnrealProjects/TheLightOnTheRock/Content/Blueprints/SaveGames/SG_LevelManager.uasset" 657
"E:/UnrealProjects/TheLightOnTheRock/Content/Widgets/W_BetweenDaysUI.uasset" 658
"E:/UnrealProjects/TheLightOnTheRock/Content/DAvid3DAssets/DavidTestSounds/son-zen-01-SF.uasset" 659
"E:/UnrealProjects/TheLightOnTheRock/Content/DAvid3DAssets/DavidTestSounds/Bells_Cue.uasset" 660
"E:/UnrealProjects/TheLightOnTheRock/Content/Blueprints/Bluperints/BP_LevelManager.uasset" 661
"E:/UnrealProjects/TheLightOnTheRock/Content/DAvid3DAssets/LighthouseCountdown.uasset" 662
"E:/UnrealProjects/TheLightOnTheRock/Content/Blueprints/Bluperints/BP_Countdown.uasset" 663
"E:/UnrealProjects/TheLightOnTheRock/Content/StarterContent/Textures/T_Perlin_Noise_M.uasset" 664
"E:/UnrealProjects/TheLightOnTheRock/Content/StarterContent/Textures/T_Water_M.uasset" 665
"E:/UnrealProjects/TheLightOnTheRock/Content/StarterContent/Materials/M_Water_Ocean.uasset" 666
"../../../Engine/Content/BasicShapes/Plane.uasset" 667
"E:/UnrealProjects/TheLightOnTheRock/Content/Blueprints/Bluperints/BP_SeaLevel.uasset" 668
"E:/UnrealProjects/TheLightOnTheRock/Content/DAvid3DAssets/WallwalkTrigger.uasset" 669
"E:/UnrealProjects/TheLightOnTheRock/Content/Blueprints/Bluperints/BP_WallWalkTrigger.uasset" 670
"E:/UnrealProjects/TheLightOnTheRock/Content/DAvid3DAssets/LighthouseWoodLog.uasset" 671
"E:/UnrealProjects/TheLightOnTheRock/Content/Blueprints/Bluperints/BP_WoodLog.uasset" 672
"E:/UnrealProjects/TheLightOnTheRock/Content/DAvid3DAssets/Woodburner_WoodburnerDoor.uasset" 673
"E:/UnrealProjects/TheLightOnTheRock/Content/Blueprints/Bluperints/BP_WoodBurnerDoor.uasset" 674
"E:/UnrealProjects/TheLightOnTheRock/Content/Blueprints/Enums/BPE_WoodBurners.uasset" 675
"E:/UnrealProjects/TheLightOnTheRock/Content/DAvid3DAssets/Woodburner.uasset" 676
"E:/UnrealProjects/TheLightOnTheRock/Content/Blueprints/Bluperints/BP_WoodBurner.uasset" 677
"E:/UnrealProjects/TheLightOnTheRock/Content/ParticleSystems/Rain_M.uasset" 678
"E:/UnrealProjects/TheLightOnTheRock/Content/ParticleSystems/Rain.uasset" 679
"E:/UnrealProjects/TheLightOnTheRock/Content/ParticleSystems/BP_Rain.uasset" 680
"E:/UnrealProjects/TheLightOnTheRock/Content/Audio/Fol/lotr_fol_fsp_l_01.uasset" 681
"E:/UnrealProjects/TheLightOnTheRock/Content/Audio/Fol/lotr_fol_fsp_l_02.uasset" 682
"E:/UnrealProjects/TheLightOnTheRock/Content/Audio/Fol/lotr_fol_fsp_l_03.uasset" 683
"E:/UnrealProjects/TheLightOnTheRock/Content/Audio/Fol/lotr_fol_fsp_l_04.uasset" 684
"E:/UnrealProjects/TheLightOnTheRock/Content/Audio/Fol/lotr_fol_fsp_l_05.uasset" 685
"E:/UnrealProjects/TheLightOnTheRock/Content/Audio/Fol/lotr_fol_fsp_l_06.uasset" 686
"E:/UnrealProjects/TheLightOnTheRock/Content/Audio/Fol/lotr_fol_fsp_l_07.uasset" 687
"E:/UnrealProjects/TheLightOnTheRock/Content/Audio/Fol/lotr_fol_fsp_l_08.uasset" 688
"E:/UnrealProjects/TheLightOnTheRock/Content/Audio/Fol/lotr_fol_fsp_r_01.uasset" 689
"E:/UnrealProjects/TheLightOnTheRock/Content/Audio/Fol/lotr_fol_fsp_r_02.uasset" 690
"E:/UnrealProjects/TheLightOnTheRock/Content/Audio/Fol/lotr_fol_fsp_r_03.uasset" 691
"E:/UnrealProjects/TheLightOnTheRock/Content/Audio/Fol/lotr_fol_fsp_r_04.uasset" 692
"E:/UnrealProjects/TheLightOnTheRock/Content/Audio/Fol/lotr_fol_fsp_r_05.uasset" 693
"E:/UnrealProjects/TheLightOnTheRock/Content/Audio/Fol/lotr_fol_fsp_r_06.uasset" 694
"E:/UnrealProjects/TheLightOnTheRock/Content/Audio/Fol/lotr_fol_fsp_r_07.uasset" 695
"E:/UnrealProjects/TheLightOnTheRock/Content/Audio/Fol/lotr_fol_fsp_r_08.uasset" 696
"E:/UnrealProjects/TheLightOnTheRock/Content/Audio/Fol/FootStepsCue.uasset" 697
"E:/UnrealProjects/TheLightOnTheRock/Content/Blueprints/Enums/BPE_ProjectionTypes.uasset" 698
"E:/UnrealProjects/TheLightOnTheRock/Content/Blueprints/Bluperints/BP_Character.uasset" 699
"E:/UnrealProjects/TheLightOnTheRock/Content/DefaultContent/FirstPerson/Textures/FirstPersonCrosshair.uasset" 700
"E:/UnrealProjects/TheLightOnTheRock/Content/DefaultContent/FirstPersonBP/Blueprints/FirstPersonHUD.uasset" 701
"E:/UnrealProjects/TheLightOnTheRock/Content/DefaultContent/FirstPersonBP/Blueprints/FirstPersonGameMode.uasset" 702
"E:/UnrealProjects/TheLightOnTheRock/Content/Main_BuiltData.uasset" 703
"E:/UnrealProjects/TheLightOnTheRock/Content/DAvid3DAssets/Ropes.uasset" 704
"E:/UnrealProjects/TheLightOnTheRock/Content/Geometry/Greg/SpiralStair02_Collider_1.uasset" 705
"E:/UnrealProjects/TheLightOnTheRock/Content/Geometry/Greg/SpiralStair_01_Collider_1.uasset" 706
"E:/UnrealProjects/TheLightOnTheRock/Content/Geometry/Greg/SpiralStair_03_Collider.uasset" 707
"E:/UnrealProjects/TheLightOnTheRock/Content/Main.umap" 708
"../../../Engine/Content/EngineSky/C_Sky_Cloud_Color.uasset" 709
"../../../Engine/Content/EngineSky/C_Sky_Horizon_Color.uasset" 710
"../../../Engine/Content/EngineSky/C_Sky_Zenith_Color.uasset" 711
"../../../Engine/Content/EngineSky/T_Sky_Blue.uasset" 712
"../../../Engine/Content/EngineSky/T_Sky_Clouds_M.uasset" 713
"../../../Engine/Content/EngineSky/T_Sky_Stars.uasset" 714
"../../../Engine/Content/EngineSky/M_Sky_Panning_Clouds2.uasset" 715
"../../../Engine/Content/EngineSky/SM_SkySphere.uasset" 716
"../../../Engine/Content/EngineSky/BP_Sky_Sphere.uasset" 717
"E:/UnrealProjects/TheLightOnTheRock/Content/DefaultContent/FirstPersonBP/Maps/FirstPersonExampleMap_BuiltData.uasset" 718
"E:/UnrealProjects/TheLightOnTheRock/Content/DefaultContent/FirstPersonBP/Maps/FirstPersonExampleMap.umap" 719
"E:/UnrealProjects/TheLightOnTheRock/Content/Level/Art_BuiltData.uasset" 720
"E:/UnrealProjects/TheLightOnTheRock/Content/DefaultContent/SHaders/SphereMask.uasset" 721
"E:/UnrealProjects/TheLightOnTheRock/Content/DefaultContent/SHaders/M_Emissive.uasset" 722
"E:/UnrealProjects/TheLightOnTheRock/Content/DefaultContent/SHaders/M_Emissive2.uasset" 723
"E:/UnrealProjects/TheLightOnTheRock/Content/DefaultContent/SHaders/Cylinder.uasset" 724
"E:/UnrealProjects/TheLightOnTheRock/Content/Level/Art.umap" 725
"E:/UnrealProjects/TheLightOnTheRock/Content/Blueprints/Bluperints/BP_Lighthouse.uasset" 726
"E:/UnrealProjects/TheLightOnTheRock/Content/Geometry/Greg/Applique_01.uasset" 727
"E:/UnrealProjects/TheLightOnTheRock/Content/Geometry/Greg/Applique_02.uasset" 728
"E:/UnrealProjects/TheLightOnTheRock/Content/Geometry/Greg/Finition_01.uasset" 729
"E:/UnrealProjects/TheLightOnTheRock/Content/Geometry/Greg/Finition_02.uasset" 730
"E:/UnrealProjects/TheLightOnTheRock/Content/Geometry/Greg/Finition_03.uasset" 731
"E:/UnrealProjects/TheLightOnTheRock/Content/Geometry/Greg/Moulure_01.uasset" 732
"E:/UnrealProjects/TheLightOnTheRock/Content/Geometry/Greg/Moulure_02.uasset" 733
"E:/UnrealProjects/TheLightOnTheRock/Content/Geometry/Greg/Moulure_03.uasset" 734
"E:/UnrealProjects/TheLightOnTheRock/Content/Geometry/Greg/Mur_01.uasset" 735
"E:/UnrealProjects/TheLightOnTheRock/Content/Geometry/Greg/Mur_01_Collider.uasset" 736
"E:/UnrealProjects/TheLightOnTheRock/Content/Geometry/Greg/Mur_02.uasset" 737
"E:/UnrealProjects/TheLightOnTheRock/Content/Geometry/Greg/Mur_02_Collider.uasset" 738
"E:/UnrealProjects/TheLightOnTheRock/Content/Geometry/Greg/Mur_03.uasset" 739
"E:/UnrealProjects/TheLightOnTheRock/Content/Geometry/Greg/Mur_03_Collider.uasset" 740
"E:/UnrealProjects/TheLightOnTheRock/Content/Geometry/Greg/Pilier_01.uasset" 741
"E:/UnrealProjects/TheLightOnTheRock/Content/Geometry/Greg/Pilier_02.uasset" 742
"E:/UnrealProjects/TheLightOnTheRock/Content/Geometry/Greg/Platform_01.uasset" 743
"E:/UnrealProjects/TheLightOnTheRock/Content/Geometry/Greg/Platform_03.uasset" 744
"E:/UnrealProjects/TheLightOnTheRock/Content/Geometry/Greg/Platform_04.uasset" 745
"E:/UnrealProjects/TheLightOnTheRock/Content/Geometry/Greg/Platform_07.uasset" 746
"E:/UnrealProjects/TheLightOnTheRock/Content/Geometry/Greg/Platform_07_Collider.uasset" 747
"E:/UnrealProjects/TheLightOnTheRock/Content/Geometry/Greg/Rambarde_01_Collider_1.uasset" 748
"E:/UnrealProjects/TheLightOnTheRock/Content/Geometry/Greg/Rambarde_02.uasset" 749
"E:/UnrealProjects/TheLightOnTheRock/Content/Geometry/Greg/Rambarde_02_Collider.uasset" 750
"E:/UnrealProjects/TheLightOnTheRock/Content/Geometry/Greg/Roof_01.uasset" 751
"E:/UnrealProjects/TheLightOnTheRock/Content/Geometry/Greg/Roof_02.uasset" 752
"E:/UnrealProjects/TheLightOnTheRock/Content/Geometry/Greg/SpiralStair001/SpiralStair_03.uasset" 753
"E:/UnrealProjects/TheLightOnTheRock/Content/Geometry/Greg/SpiralStair002/SpiralStair_02.uasset" 754
"E:/UnrealProjects/TheLightOnTheRock/Content/Geometry/Greg/SpiralStair003/SpiralStair_01.uasset" 755
"E:/UnrealProjects/TheLightOnTheRock/Content/Geometry/Greg/Wall_DecoA_01.uasset" 756
"E:/UnrealProjects/TheLightOnTheRock/Content/Geometry/Greg/Window_Frame_009.uasset" 757
"E:/UnrealProjects/TheLightOnTheRock/Content/Geometry/Greg/Window_Frame_011.uasset" 758
"E:/UnrealProjects/TheLightOnTheRock/Content/Geometry/Greg/Window_Frame_05.uasset" 759
"E:/UnrealProjects/TheLightOnTheRock/Content/Geometry/Greg/Window_Up_01.uasset" 760
"E:/UnrealProjects/TheLightOnTheRock/Content/Geometry/Greg/Window_Up_16.uasset" 761
"E:/UnrealProjects/TheLightOnTheRock/Content/Geometry/Greg/FbxScene_Phare_New2.uasset" 762
"E:/UnrealProjects/TheLightOnTheRock/Content/Level/ARt_Greg_BuiltData.uasset" 763
"E:/UnrealProjects/TheLightOnTheRock/Content/Level/ARt_Greg.umap" 764
"E:/UnrealProjects/TheLightOnTheRock/Content/DAvid3DAssets/LighthouseBucket.uasset" 765
"E:/UnrealProjects/TheLightOnTheRock/Content/Blueprints/Bluperints/BP_Bucket.uasset" 766
"E:/UnrealProjects/TheLightOnTheRock/Content/DAvid3DAssets/LighthouseBarrel.uasset" 767
"E:/UnrealProjects/TheLightOnTheRock/Content/Blueprints/Bluperints/BP_Barrel.uasset" 768
"E:/UnrealProjects/TheLightOnTheRock/Content/DAvid3DAssets/LighthouseWardRobe.uasset" 769
"E:/UnrealProjects/TheLightOnTheRock/Content/DAvid3DAssets/LighthouseWardRobeDoor.uasset" 770
"E:/UnrealProjects/TheLightOnTheRock/Content/Blueprints/Bluperints/BP_Closet.uasset" 771
"E:/UnrealProjects/TheLightOnTheRock/Content/DAvid3DAssets/Knife.uasset" 772
"E:/UnrealProjects/TheLightOnTheRock/Content/Blueprints/Bluperints/BP_Knife.uasset" 773
"E:/UnrealProjects/TheLightOnTheRock/Content/DAvid3DAssets/Ladder.uasset" 774
"E:/UnrealProjects/TheLightOnTheRock/Content/Blueprints/Bluperints/BP_Ladder.uasset" 775
"E:/UnrealProjects/TheLightOnTheRock/Content/Level/LevelDesign_BuiltData.uasset" 776
"E:/UnrealProjects/TheLightOnTheRock/Content/David2DAssets/Decal/ShoeDecalRight.uasset" 777
"E:/UnrealProjects/TheLightOnTheRock/Content/David2DAssets/Decal/d_Shoeprint.uasset" 778
"E:/UnrealProjects/TheLightOnTheRock/Content/David2DAssets/Decal/ShoeDecalLeft.uasset" 779
"E:/UnrealProjects/TheLightOnTheRock/Content/David2DAssets/Decal/d_Shoeprint_Left.uasset" 780
"E:/UnrealProjects/TheLightOnTheRock/Content/David2DAssets/Decal/d_Shoeprint_Right.uasset" 781
"E:/UnrealProjects/TheLightOnTheRock/Content/DefaultContent/SHaders/M_Emissive_Inst.uasset" 782
"E:/UnrealProjects/TheLightOnTheRock/Content/StarterContent/Materials/M_Water_Ocean_Inst.uasset" 783
"E:/UnrealProjects/TheLightOnTheRock/Content/DAvid3DAssets/BigFoodCan.uasset" 784
"E:/UnrealProjects/TheLightOnTheRock/Content/DAvid3DAssets/BigWoodCrate.uasset" 785
"E:/UnrealProjects/TheLightOnTheRock/Content/DAvid3DAssets/Bottle.uasset" 786
"E:/UnrealProjects/TheLightOnTheRock/Content/DAvid3DAssets/Crate.uasset" 787
"E:/UnrealProjects/TheLightOnTheRock/Content/DAvid3DAssets/CrateLid.uasset" 788
"E:/UnrealProjects/TheLightOnTheRock/Content/DAvid3DAssets/CurvedShelves.uasset" 789
"E:/UnrealProjects/TheLightOnTheRock/Content/DAvid3DAssets/DavidTestSounds/bruit5.uasset" 790
"E:/UnrealProjects/TheLightOnTheRock/Content/DAvid3DAssets/DavidTestSounds/DIY_Cue.uasset" 791
"E:/UnrealProjects/TheLightOnTheRock/Content/DAvid3DAssets/DavidTestSounds/SF-Alarmradar.uasset" 792
"E:/UnrealProjects/TheLightOnTheRock/Content/DAvid3DAssets/DavidTestSounds/Radar_Cue.uasset" 793
"E:/UnrealProjects/TheLightOnTheRock/Content/DAvid3DAssets/LighthouseBed.uasset" 794
"E:/UnrealProjects/TheLightOnTheRock/Content/DAvid3DAssets/LighthouseChair.uasset" 795
"E:/UnrealProjects/TheLightOnTheRock/Content/DAvid3DAssets/LighthouseNightStand.uasset" 796
"E:/UnrealProjects/TheLightOnTheRock/Content/DAvid3DAssets/LighthouseSmallTable.uasset" 797
"E:/UnrealProjects/TheLightOnTheRock/Content/DAvid3DAssets/LighthouseWardRobeShelf.uasset" 798
"E:/UnrealProjects/TheLightOnTheRock/Content/DAvid3DAssets/LighthouseWindowFrame.uasset" 799
"E:/UnrealProjects/TheLightOnTheRock/Content/DAvid3DAssets/LighthouseWoodCrate.uasset" 800
"E:/UnrealProjects/TheLightOnTheRock/Content/DAvid3DAssets/MediumFoodCan.uasset" 801
"E:/UnrealProjects/TheLightOnTheRock/Content/DAvid3DAssets/NewsPapers.uasset" 802
"E:/UnrealProjects/TheLightOnTheRock/Content/DAvid3DAssets/OldFoodCan.uasset" 803
"E:/UnrealProjects/TheLightOnTheRock/Content/DAvid3DAssets/OldMediumFoodCan.uasset" 804
"E:/UnrealProjects/TheLightOnTheRock/Content/DAvid3DAssets/OldSmallFoodCan.uasset" 805
"E:/UnrealProjects/TheLightOnTheRock/Content/DAvid3DAssets/RopeHanger.uasset" 806
"E:/UnrealProjects/TheLightOnTheRock/Content/DAvid3DAssets/SmallFoodCan.uasset" 807
"E:/UnrealProjects/TheLightOnTheRock/Content/DAvid3DAssets/TallFoodBox_LargeFoodBox.uasset" 808
"E:/UnrealProjects/TheLightOnTheRock/Content/DAvid3DAssets/TallFoodBox_TallFoodBox.uasset" 809
"E:/UnrealProjects/TheLightOnTheRock/Content/DAvid3DAssets/TrashCan.uasset" 810
"E:/UnrealProjects/TheLightOnTheRock/Content/DAvid3DAssets/Workbench.uasset" 811
"E:/UnrealProjects/TheLightOnTheRock/Content/Geometry/Greg/Platform_02.uasset" 812
"E:/UnrealProjects/TheLightOnTheRock/Content/Geometry/Greg/Platform_05.uasset" 813
"E:/UnrealProjects/TheLightOnTheRock/Content/Geometry/Greg/Platform_06.uasset" 814
"E:/UnrealProjects/TheLightOnTheRock/Content/Geometry/Greg/Rambarde_01.uasset" 815
"E:/UnrealProjects/TheLightOnTheRock/Content/Geometry/Greg/SpiralStair001.uasset" 816
"E:/UnrealProjects/TheLightOnTheRock/Content/Geometry/Greg/SpiralStair001_Collider.uasset" 817
"E:/UnrealProjects/TheLightOnTheRock/Content/Geometry/Greg/SpiralStair002.uasset" 818
"E:/UnrealProjects/TheLightOnTheRock/Content/Geometry/Greg/SpiralStair002_Collider_1.uasset" 819
"E:/UnrealProjects/TheLightOnTheRock/Content/Geometry/Greg/SpiralStair003.uasset" 820
"E:/UnrealProjects/TheLightOnTheRock/Content/Geometry/Greg/SpiralStair003_Collider_1.uasset" 821
"E:/UnrealProjects/TheLightOnTheRock/Content/Geometry/Greg/StraightStair001.uasset" 822
"E:/UnrealProjects/TheLightOnTheRock/Content/Geometry/Greg/StraightStair001_Collider_1.uasset" 823
"E:/UnrealProjects/TheLightOnTheRock/Content/Geometry/Unique/Porte_RDC.uasset" 824
"E:/UnrealProjects/TheLightOnTheRock/Content/Geometry/Unique/Porte_Toit.uasset" 825
"E:/UnrealProjects/TheLightOnTheRock/Content/StarterContent/Audio/Fire01_Cue.uasset" 826
"E:/UnrealProjects/TheLightOnTheRock/Content/Level/LevelDesign.umap" 827
"E:/UnrealProjects/TheLightOnTheRock/Content/Level/Lighting_BuiltData.uasset" 828
"E:/UnrealProjects/TheLightOnTheRock/Content/Level/Lighting.umap" 829
"E:/UnrealProjects/TheLightOnTheRock/Content/Level/SoundDesign_BuiltData.uasset" 830
"E:/UnrealProjects/TheLightOnTheRock/Content/Level/SoundDesign.umap" 831
"E:/UnrealProjects/TheLightOnTheRock/Content/StarterContent/Blueprints/Assets/FogBrightnessLUT.uasset" 832
"E:/UnrealProjects/TheLightOnTheRock/Content/StarterContent/Blueprints/Assets/SunlightColorLUT.uasset" 833
"E:/UnrealProjects/TheLightOnTheRock/Content/StarterContent/Blueprints/Assets/M_LightStage_Arrows.uasset" 834
"../../../Engine/Content/MapTemplates/Sky/DaylightAmbientCubemap.uasset" 835
"E:/UnrealProjects/TheLightOnTheRock/Content/StarterContent/Blueprints/Assets/M_LightStage_Skybox_Master.uasset" 836
"E:/UnrealProjects/TheLightOnTheRock/Content/StarterContent/Blueprints/Assets/M_LightStage_Skybox_Black.uasset" 837
"E:/UnrealProjects/TheLightOnTheRock/Content/StarterContent/Blueprints/Assets/M_LightStage_Skybox_HDRI.uasset" 838
"../../../Engine/Content/EditorMaterials/Thumbnails/SkySphereMaterial.uasset" 839
"E:/UnrealProjects/TheLightOnTheRock/Content/StarterContent/Blueprints/Assets/Skybox.uasset" 840
"E:/UnrealProjects/TheLightOnTheRock/Content/StarterContent/Blueprints/Assets/SM_Arrows.uasset" 841
"E:/UnrealProjects/TheLightOnTheRock/Content/StarterContent/HDRI/HDRI_Epic_Courtyard_Daylight.uasset" 842
"E:/UnrealProjects/TheLightOnTheRock/Content/StarterContent/Blueprints/BP_LightStudio.uasset" 843
"E:/UnrealProjects/TheLightOnTheRock/Content/StarterContent/Maps/Advanced_Lighting_BuiltData.uasset" 844
"E:/UnrealProjects/TheLightOnTheRock/Content/StarterContent/Materials/M_AssetPlatform.uasset" 845
"../../../Engine/Content/EditorMeshes/ColorCalibrator/M_ChromeBall.uasset" 846
"../../../Engine/Content/EditorMeshes/ColorCalibrator/M_ClearCoat.uasset" 847
"../../../Engine/Content/EditorMeshes/ColorCalibrator/M_ClearCoatBlack.uasset" 848
"../../../Engine/Content/EditorMeshes/ColorCalibrator/Color_checker.uasset" 849
"../../../Engine/Content/EditorMeshes/ColorCalibrator/M_ColorGrid.uasset" 850
"../../../Engine/Content/EditorMeshes/ColorCalibrator/M_GreyBall.uasset" 851
"../../../Engine/Content/EditorMeshes/ColorCalibrator/SM_ColorCalibrator.uasset" 852
"E:/UnrealProjects/TheLightOnTheRock/Content/StarterContent/Architecture/SM_AssetPlatform.uasset" 853
"E:/UnrealProjects/TheLightOnTheRock/Content/StarterContent/Maps/Advanced_Lighting.umap" 854
"E:/UnrealProjects/TheLightOnTheRock/Content/StarterContent/Maps/Minimal_Default_BuiltData.uasset" 855
"E:/UnrealProjects/TheLightOnTheRock/Content/StarterContent/Materials/M_Metal_Brushed_Nickel.uasset" 856
"E:/UnrealProjects/TheLightOnTheRock/Content/StarterContent/Textures/T_Metal_Aluminum_D.uasset" 857
"E:/UnrealProjects/TheLightOnTheRock/Content/StarterContent/Materials/M_Metal_Burnished_Steel.uasset" 858
"E:/UnrealProjects/TheLightOnTheRock/Content/StarterContent/Textures/T_Metal_Copper_D.uasset" 859
"E:/UnrealProjects/TheLightOnTheRock/Content/StarterContent/Materials/M_Metal_Copper.uasset" 860
"E:/UnrealProjects/TheLightOnTheRock/Content/StarterContent/Textures/T_Statue_M.uasset" 861
"E:/UnrealProjects/TheLightOnTheRock/Content/StarterContent/Textures/T_Statue_N.uasset" 862
"E:/UnrealProjects/TheLightOnTheRock/Content/StarterContent/Props/Materials/M_StatueGlass.uasset" 863
"E:/UnrealProjects/TheLightOnTheRock/Content/StarterContent/Architecture/Floor_400x400.uasset" 864
"E:/UnrealProjects/TheLightOnTheRock/Content/StarterContent/Audio/Starter_Background_Cue.uasset" 865
"E:/UnrealProjects/TheLightOnTheRock/Content/StarterContent/Props/SM_Chair.uasset" 866
"E:/UnrealProjects/TheLightOnTheRock/Content/StarterContent/Props/Materials/M_Statue.uasset" 867
"E:/UnrealProjects/TheLightOnTheRock/Content/StarterContent/Props/SM_Statue.uasset" 868
"E:/UnrealProjects/TheLightOnTheRock/Content/StarterContent/Textures/T_TableRound_M.uasset" 869
"E:/UnrealProjects/TheLightOnTheRock/Content/StarterContent/Textures/T_TableRound_N.uasset" 870
"E:/UnrealProjects/TheLightOnTheRock/Content/StarterContent/Props/Materials/M_TableRound.uasset" 871
"E:/UnrealProjects/TheLightOnTheRock/Content/StarterContent/Props/SM_TableRound.uasset" 872
"E:/UnrealProjects/TheLightOnTheRock/Content/StarterContent/Maps/Minimal_Default.umap" 873
"E:/UnrealProjects/TheLightOnTheRock/Content/StarterContent/Blueprints/Blueprint_Effect_Fire.uasset" 874
"E:/UnrealProjects/TheLightOnTheRock/Content/StarterContent/Audio/Smoke01_Cue.uasset" 875
"E:/UnrealProjects/TheLightOnTheRock/Content/StarterContent/Particles/P_Smoke.uasset" 876
"E:/UnrealProjects/TheLightOnTheRock/Content/StarterContent/Blueprints/Blueprint_Effect_Smoke.uasset" 877
"E:/UnrealProjects/TheLightOnTheRock/Content/StarterContent/Audio/Fire_Sparks01_Cue.uasset" 878
"E:/UnrealProjects/TheLightOnTheRock/Content/StarterContent/Particles/P_Sparks.uasset" 879
"E:/UnrealProjects/TheLightOnTheRock/Content/StarterContent/Blueprints/Blueprint_Effect_Sparks.uasset" 880
"E:/UnrealProjects/TheLightOnTheRock/Content/StarterContent/Audio/Steam01_Cue.uasset" 881
"E:/UnrealProjects/TheLightOnTheRock/Content/StarterContent/Blueprints/Blueprint_Effect_Steam.uasset" 882
"E:/UnrealProjects/TheLightOnTheRock/Content/StarterContent/Textures/T_Lamp_M.uasset" 883
"E:/UnrealProjects/TheLightOnTheRock/Content/StarterContent/Textures/T_Lamp_N.uasset" 884
"E:/UnrealProjects/TheLightOnTheRock/Content/StarterContent/Props/Materials/M_Lamp.uasset" 885
"E:/UnrealProjects/TheLightOnTheRock/Content/StarterContent/Props/SM_Lamp_Ceiling.uasset" 886
"E:/UnrealProjects/TheLightOnTheRock/Content/StarterContent/Blueprints/Blueprint_CeilingLight.uasset" 887
"E:/UnrealProjects/TheLightOnTheRock/Content/StarterContent/Props/SM_Lamp_Wall.uasset" 888
"E:/UnrealProjects/TheLightOnTheRock/Content/StarterContent/Blueprints/Blueprint_WallSconce.uasset" 889
"E:/UnrealProjects/TheLightOnTheRock/Content/StarterContent/Maps/StarterMap_BuiltData.uasset" 890
"../../../Engine/Content/Functions/Engine_MaterialFunctions03/Procedurals/ComputeFilterWidth.uasset" 891
"../../../Engine/Content/EngineMaterials/AntiAliasedTextMaterialTranslucent.uasset" 892
"E:/UnrealProjects/TheLightOnTheRock/Content/StarterContent/Textures/T_Brick_Clay_Beveled_D.uasset" 893
"E:/UnrealProjects/TheLightOnTheRock/Content/StarterContent/Textures/T_Brick_Clay_Beveled_M.uasset" 894
"E:/UnrealProjects/TheLightOnTheRock/Content/StarterContent/Textures/T_Brick_Clay_Beveled_N.uasset" 895
"E:/UnrealProjects/TheLightOnTheRock/Content/StarterContent/Materials/M_Brick_Clay_Beveled.uasset" 896
"E:/UnrealProjects/TheLightOnTheRock/Content/StarterContent/Textures/T_Brick_Clay_New_D.uasset" 897
"E:/UnrealProjects/TheLightOnTheRock/Content/StarterContent/Textures/T_Brick_Clay_New_M.uasset" 898
"E:/UnrealProjects/TheLightOnTheRock/Content/StarterContent/Textures/T_Brick_Clay_New_N.uasset" 899
"E:/UnrealProjects/TheLightOnTheRock/Content/StarterContent/Materials/M_Brick_Clay_New.uasset" 900
"E:/UnrealProjects/TheLightOnTheRock/Content/StarterContent/Textures/T_Brick_Clay_Old_D.uasset" 901
"E:/UnrealProjects/TheLightOnTheRock/Content/StarterContent/Textures/T_Brick_Clay_Old_N.uasset" 902
"E:/UnrealProjects/TheLightOnTheRock/Content/StarterContent/Materials/M_Brick_Clay_Old.uasset" 903
"E:/UnrealProjects/TheLightOnTheRock/Content/StarterContent/Textures/T_Brick_Cut_Stone_D.uasset" 904
"E:/UnrealProjects/TheLightOnTheRock/Content/StarterContent/Textures/T_Brick_Cut_Stone_N.uasset" 905
"E:/UnrealProjects/TheLightOnTheRock/Content/StarterContent/Materials/M_Brick_Cut_Stone.uasset" 906
"E:/UnrealProjects/TheLightOnTheRock/Content/StarterContent/Textures/T_Brick_Hewn_Stone_D.uasset" 907
"E:/UnrealProjects/TheLightOnTheRock/Content/StarterContent/Textures/T_Brick_Hewn_Stone_M.uasset" 908
"E:/UnrealProjects/TheLightOnTheRock/Content/StarterContent/Textures/T_Brick_Hewn_Stone_N.uasset" 909
"E:/UnrealProjects/TheLightOnTheRock/Content/StarterContent/Materials/M_Brick_Hewn_Stone.uasset" 910
"E:/UnrealProjects/TheLightOnTheRock/Content/StarterContent/Textures/T_Ceramic_Tile_M.uasset" 911
"E:/UnrealProjects/TheLightOnTheRock/Content/StarterContent/Textures/T_Ceramic_Tile_N.uasset" 912
"E:/UnrealProjects/TheLightOnTheRock/Content/StarterContent/Textures/T_Rock_Marble_Polished_D.uasset" 913
"E:/UnrealProjects/TheLightOnTheRock/Content/StarterContent/Materials/M_Ceramic_Tile_Checker.uasset" 914
"E:/UnrealProjects/TheLightOnTheRock/Content/StarterContent/Textures/T_CobbleStone_Pebble_D.uasset" 915
"E:/UnrealProjects/TheLightOnTheRock/Content/StarterContent/Textures/T_CobbleStone_Pebble_M.uasset" 916
"E:/UnrealProjects/TheLightOnTheRock/Content/StarterContent/Textures/T_CobbleStone_Pebble_N.uasset" 917
"E:/UnrealProjects/TheLightOnTheRock/Content/StarterContent/Materials/M_CobbleStone_Pebble.uasset" 918
"E:/UnrealProjects/TheLightOnTheRock/Content/StarterContent/Textures/T_CobbleStone_Rough_D.uasset" 919
"E:/UnrealProjects/TheLightOnTheRock/Content/StarterContent/Textures/T_CobbleStone_Rough_N.uasset" 920
"E:/UnrealProjects/TheLightOnTheRock/Content/StarterContent/Textures/T_Gradinet_01.uasset" 921
"E:/UnrealProjects/TheLightOnTheRock/Content/StarterContent/Textures/T_Rock_Smooth_Granite_D.uasset" 922
"E:/UnrealProjects/TheLightOnTheRock/Content/StarterContent/Materials/M_CobbleStone_Rough.uasset" 923
"E:/UnrealProjects/TheLightOnTheRock/Content/StarterContent/Textures/T_CobbleStone_Smooth_D.uasset" 924
"E:/UnrealProjects/TheLightOnTheRock/Content/StarterContent/Textures/T_CobbleStone_Smooth_M.uasset" 925
"E:/UnrealProjects/TheLightOnTheRock/Content/StarterContent/Textures/T_CobbleStone_Smooth_N.uasset" 926
"E:/UnrealProjects/TheLightOnTheRock/Content/StarterContent/Materials/M_CobbleStone_Smooth.uasset" 927
"E:/UnrealProjects/TheLightOnTheRock/Content/StarterContent/Textures/T_Concrete_Grime_D.uasset" 928
"E:/UnrealProjects/TheLightOnTheRock/Content/StarterContent/Materials/M_Concrete_Grime.uasset" 929
"E:/UnrealProjects/TheLightOnTheRock/Content/StarterContent/Textures/T_Concrete_Panels_D.uasset" 930
"E:/UnrealProjects/TheLightOnTheRock/Content/StarterContent/Textures/T_Concrete_Panels_N.uasset" 931
"E:/UnrealProjects/TheLightOnTheRock/Content/StarterContent/Materials/M_Concrete_Panels.uasset" 932
"E:/UnrealProjects/TheLightOnTheRock/Content/StarterContent/Textures/T_Concrete_Poured_D.uasset" 933
"E:/UnrealProjects/TheLightOnTheRock/Content/StarterContent/Textures/T_Concrete_Poured_N.uasset" 934
"E:/UnrealProjects/TheLightOnTheRock/Content/StarterContent/Materials/M_Concrete_Poured.uasset" 935
"E:/UnrealProjects/TheLightOnTheRock/Content/StarterContent/Textures/T_Concrete_Tiles_D.uasset" 936
"E:/UnrealProjects/TheLightOnTheRock/Content/StarterContent/Textures/T_Concrete_Tiles_M.uasset" 937
"E:/UnrealProjects/TheLightOnTheRock/Content/StarterContent/Textures/T_Concrete_Tiles_N.uasset" 938
"E:/UnrealProjects/TheLightOnTheRock/Content/StarterContent/Textures/T_Concrete_Tiles_Variation_M.uasset" 939
"E:/UnrealProjects/TheLightOnTheRock/Content/StarterContent/Materials/M_Concrete_Tiles.uasset" 940
"E:/UnrealProjects/TheLightOnTheRock/Content/StarterContent/Textures/T_Ground_Grass_D.uasset" 941
"E:/UnrealProjects/TheLightOnTheRock/Content/StarterContent/Textures/T_Ground_Grass_N.uasset" 942
"E:/UnrealProjects/TheLightOnTheRock/Content/StarterContent/Materials/M_Ground_Grass.uasset" 943
"E:/UnrealProjects/TheLightOnTheRock/Content/StarterContent/Textures/T_Ground_Gravel_D.uasset" 944
"E:/UnrealProjects/TheLightOnTheRock/Content/StarterContent/Textures/T_Ground_Gravel_N.uasset" 945
"E:/UnrealProjects/TheLightOnTheRock/Content/StarterContent/Materials/M_Ground_Gravel.uasset" 946
"E:/UnrealProjects/TheLightOnTheRock/Content/StarterContent/Textures/T_ground_Moss_D.uasset" 947
"E:/UnrealProjects/TheLightOnTheRock/Content/StarterContent/Textures/T_Ground_Moss_N.uasset" 948
"E:/UnrealProjects/TheLightOnTheRock/Content/StarterContent/Materials/M_Ground_Moss.uasset" 949
"E:/UnrealProjects/TheLightOnTheRock/Content/StarterContent/Materials/M_Metal_Chrome.uasset" 950
"E:/UnrealProjects/TheLightOnTheRock/Content/StarterContent/Textures/T_Metal_Steel_D.uasset" 951
"E:/UnrealProjects/TheLightOnTheRock/Content/StarterContent/Textures/T_Metal_Steel_N.uasset" 952
"E:/UnrealProjects/TheLightOnTheRock/Content/StarterContent/Materials/M_Metal_Steel.uasset" 953
"E:/UnrealProjects/TheLightOnTheRock/Content/StarterContent/Textures/T_Rock_Basalt_N.uasset" 954
"E:/UnrealProjects/TheLightOnTheRock/Content/StarterContent/Materials/M_Rock_Basalt.uasset" 955
"E:/UnrealProjects/TheLightOnTheRock/Content/StarterContent/Materials/M_Rock_Marble_Polished.uasset" 956
"E:/UnrealProjects/TheLightOnTheRock/Content/StarterContent/Textures/T_Rock_Sandstone_D.uasset" 957
"E:/UnrealProjects/TheLightOnTheRock/Content/StarterContent/Textures/T_Rock_Sandstone_N.uasset" 958
"E:/UnrealProjects/TheLightOnTheRock/Content/StarterContent/Materials/M_Rock_Sandstone.uasset" 959
"E:/UnrealProjects/TheLightOnTheRock/Content/StarterContent/Textures/T_Rock_Slate_D.uasset" 960
"E:/UnrealProjects/TheLightOnTheRock/Content/StarterContent/Textures/T_Rock_Slate_N.uasset" 961
"E:/UnrealProjects/TheLightOnTheRock/Content/StarterContent/Materials/M_Rock_Slate.uasset" 962
"E:/UnrealProjects/TheLightOnTheRock/Content/StarterContent/Textures/T_Checker_Noise_M.uasset" 963
"E:/UnrealProjects/TheLightOnTheRock/Content/StarterContent/Textures/T_Single_Tile_N.uasset" 964
"E:/UnrealProjects/TheLightOnTheRock/Content/StarterContent/Textures/T_Tech_Dot_M.uasset" 965
"E:/UnrealProjects/TheLightOnTheRock/Content/StarterContent/Textures/T_Tech_Dot_N.uasset" 966
"E:/UnrealProjects/TheLightOnTheRock/Content/StarterContent/Materials/M_Tech_Checker_Dot.uasset" 967
"E:/UnrealProjects/TheLightOnTheRock/Content/StarterContent/Textures/T_Tech_Hex_Tile_M.uasset" 968
"E:/UnrealProjects/TheLightOnTheRock/Content/StarterContent/Textures/T_Tech_Hex_Tile_N.uasset" 969
"E:/UnrealProjects/TheLightOnTheRock/Content/StarterContent/Materials/M_Tech_Hex_Tile.uasset" 970
"E:/UnrealProjects/TheLightOnTheRock/Content/StarterContent/Materials/M_Tech_Hex_Tile_Pulse.uasset" 971
"E:/UnrealProjects/TheLightOnTheRock/Content/StarterContent/Textures/T_Tech_Panel_M.uasset" 972
"E:/UnrealProjects/TheLightOnTheRock/Content/StarterContent/Textures/T_Tech_Panel_N.uasset" 973
"E:/UnrealProjects/TheLightOnTheRock/Content/StarterContent/Materials/M_Tech_Panel.uasset" 974
"E:/UnrealProjects/TheLightOnTheRock/Content/StarterContent/Materials/M_Water_Lake.uasset" 975
"E:/UnrealProjects/TheLightOnTheRock/Content/StarterContent/Textures/T_Wood_Floor_Walnut_D.uasset" 976
"E:/UnrealProjects/TheLightOnTheRock/Content/StarterContent/Textures/T_Wood_Floor_Walnut_M.uasset" 977
"E:/UnrealProjects/TheLightOnTheRock/Content/StarterContent/Textures/T_Wood_Floor_Walnut_N.uasset" 978
"E:/UnrealProjects/TheLightOnTheRock/Content/StarterContent/Materials/M_Wood_Floor_Walnut_Polished.uasset" 979
"../../../Engine/Content/Functions/Engine_MaterialFunctions01/Opacity/AlphaOffset.uasset" 980
"E:/UnrealProjects/TheLightOnTheRock/Content/StarterContent/Materials/M_Wood_Floor_Walnut_Worn.uasset" 981
"E:/UnrealProjects/TheLightOnTheRock/Content/StarterContent/Textures/T_Wood_Oak_D.uasset" 982
"E:/UnrealProjects/TheLightOnTheRock/Content/StarterContent/Textures/T_Wood_Oak_N.uasset" 983
"E:/UnrealProjects/TheLightOnTheRock/Content/StarterContent/Materials/M_Wood_Oak.uasset" 984
"E:/UnrealProjects/TheLightOnTheRock/Content/StarterContent/Textures/T_Wood_Pine_D.uasset" 985
"E:/UnrealProjects/TheLightOnTheRock/Content/StarterContent/Textures/T_Wood_Pine_N.uasset" 986
"E:/UnrealProjects/TheLightOnTheRock/Content/StarterContent/Materials/M_Wood_Pine.uasset" 987
"E:/UnrealProjects/TheLightOnTheRock/Content/StarterContent/Textures/T_Wood_Walnut_D.uasset" 988
"E:/UnrealProjects/TheLightOnTheRock/Content/StarterContent/Textures/T_Wood_Walnut_N.uasset" 989
"E:/UnrealProjects/TheLightOnTheRock/Content/StarterContent/Materials/M_Wood_Walnut.uasset" 990
"E:/UnrealProjects/TheLightOnTheRock/Content/StarterContent/Architecture/Wall_400x200.uasset" 991
"E:/UnrealProjects/TheLightOnTheRock/Content/StarterContent/Architecture/Wall_Door_400x300.uasset" 992
"E:/UnrealProjects/TheLightOnTheRock/Content/StarterContent/Architecture/Wall_Window_400x300.uasset" 993
"E:/UnrealProjects/TheLightOnTheRock/Content/StarterContent/Audio/Starter_Music_Cue.uasset" 994
"E:/UnrealProjects/TheLightOnTheRock/Content/StarterContent/Textures/T_Dust_Particle_D.uasset" 995
"E:/UnrealProjects/TheLightOnTheRock/Content/StarterContent/Particles/Materials/M_Dust_Particle.uasset" 996
"E:/UnrealProjects/TheLightOnTheRock/Content/StarterContent/Particles/P_Ambient_Dust.uasset" 997
"E:/UnrealProjects/TheLightOnTheRock/Content/StarterContent/Props/MaterialSphere.uasset" 998
"E:/UnrealProjects/TheLightOnTheRock/Content/StarterContent/Textures/T_Frame_M.uasset" 999
"E:/UnrealProjects/TheLightOnTheRock/Content/StarterContent/Textures/T_Frame_N.uasset" 1000
"E:/UnrealProjects/TheLightOnTheRock/Content/StarterContent/Props/Materials/M_Frame.uasset" 1001
"E:/UnrealProjects/TheLightOnTheRock/Content/StarterContent/Props/SM_CornerFrame.uasset" 1002
"E:/UnrealProjects/TheLightOnTheRock/Content/StarterContent/Props/SM_DoorFrame.uasset" 1003
"E:/UnrealProjects/TheLightOnTheRock/Content/StarterContent/Props/SM_GlassWindow.uasset" 1004
"E:/UnrealProjects/TheLightOnTheRock/Content/StarterContent/Props/SM_PillarFrame.uasset" 1005
"E:/UnrealProjects/TheLightOnTheRock/Content/StarterContent/Props/SM_PillarFrame300.uasset" 1006
"E:/UnrealProjects/TheLightOnTheRock/Content/StarterContent/Props/SM_WindowFrame.uasset" 1007
"E:/UnrealProjects/TheLightOnTheRock/Content/StarterContent/Shapes/Shape_Cube.uasset" 1008
"E:/UnrealProjects/TheLightOnTheRock/Content/StarterContent/Shapes/Shape_QuadPyramid.uasset" 1009
"E:/UnrealProjects/TheLightOnTheRock/Content/StarterContent/Shapes/Shape_Sphere.uasset" 1010
"E:/UnrealProjects/TheLightOnTheRock/Content/StarterContent/Maps/StarterMap.umap" 1011
"../../../Engine/Content/MapTemplates/SM_Template_Map_Floor.uasset" 1012
"E:/UnrealProjects/TheLightOnTheRock/Content/UltraDynamicSky/Maps/DemoMap.umap" 1013
"../../../Engine/Content/Maps/Entry_BuiltData.uasset" 1014
"../../../Engine/Content/Maps/Entry.umap" 1015
